Using pre-set license
Built from '2020.3/staging' branch; Version is '2020.3.6f1 (338bb68529b2) revision 3378102'; Using compiler version '192528614'; Build Type 'Release'
OS: 'Windows 10 Home; OS build 19044.1586; Version 2009; 64bit' Language: 'en' Physical Memory: 32443 MB
BatchMode: 1, IsHumanControllingUs: 0, StartBugReporterOnCrash: 0, Is64bit: 1, IsPro: 0

 COMMAND LINE ARGUMENTS:
G:\Unity_Installs\2020.3.6f1\Editor\Unity.exe
-adb2
-batchMode
-noUpm
-name
AssetImportWorker0
-projectPath
C:/Users/ignis/OneDrive/Desktop/January (Game Development)/January-Game-Design-and-Development/Session_Five/Session_Six
-logFile
Logs/AssetImportWorker0.log
-srvPort
50846
Successfully changed project path to: C:/Users/ignis/OneDrive/Desktop/January (Game Development)/January-Game-Design-and-Development/Session_Five/Session_Six
C:/Users/ignis/OneDrive/Desktop/January (Game Development)/January-Game-Design-and-Development/Session_Five/Session_Six
Using Asset Import Pipeline V2.
Refreshing native plugins compatible for Editor in 29.36 ms, found 1 plugins.
Preloading 0 native plugins for Editor in 0.00 ms.
Initialize engine version: 2020.3.6f1 (338bb68529b2)
[Subsystems] Discovering subsystems at path G:/Unity_Installs/2020.3.6f1/Editor/Data/Resources/UnitySubsystems
[Subsystems] Discovering subsystems at path C:/Users/ignis/OneDrive/Desktop/January (Game Development)/January-Game-Design-and-Development/Session_Five/Session_Six/Assets
GfxDevice: creating device client; threaded=0
Direct3D:
    Version:  Direct3D 11.0 [level 11.1]
    Renderer: NVIDIA GeForce RTX 3060 (ID=0x2503)
    Vendor:   
    VRAM:     12142 MB
    Driver:   30.0.15.1165
Initialize mono
Mono path[0] = 'G:/Unity_Installs/2020.3.6f1/Editor/Data/Managed'
Mono path[1] = 'G:/Unity_Installs/2020.3.6f1/Editor/Data/MonoBleedingEdge/lib/mono/unityjit'
Mono config path = 'G:/Unity_Installs/2020.3.6f1/Editor/Data/MonoBleedingEdge/etc'
Using monoOptions --debugger-agent=transport=dt_socket,embedding=1,server=y,suspend=n,address=127.0.0.1:56176
Begin MonoManager ReloadAssembly
Registering precompiled unity dll's ...
Register platform support module: G:/Unity_Installs/2020.3.6f1/Editor/Data/PlaybackEngines/WebGLSupport/UnityEditor.WebGL.Extensions.dll
Register platform support module: G:/Unity_Installs/2020.3.6f1/Editor/Data/PlaybackEngines/MacStandaloneSupport/UnityEditor.OSXStandalone.Extensions.dll
Register platform support module: G:/Unity_Installs/2020.3.6f1/Editor/Data/PlaybackEngines/WindowsStandaloneSupport/UnityEditor.WindowsStandalone.Extensions.dll
Register platform support module: G:/Unity_Installs/2020.3.6f1/Editor/Data/PlaybackEngines/LinuxStandaloneSupport/UnityEditor.LinuxStandalone.Extensions.dll
Registered in 0.001916 seconds.
Native extension for LinuxStandalone target not found
Native extension for WindowsStandalone target not found
Native extension for OSXStandalone target not found
Native extension for WebGL target not found
Refreshing native plugins compatible for Editor in 29.07 ms, found 1 plugins.
Preloading 0 native plugins for Editor in 0.00 ms.
Mono: successfully reloaded assembly
- Completed reload, in  0.687 seconds
Platform modules already initialized, skipping
Registering precompiled user dll's ...
Registered in 0.001012 seconds.
Begin MonoManager ReloadAssembly
Native extension for LinuxStandalone target not found
Native extension for WindowsStandalone target not found
Native extension for OSXStandalone target not found
Native extension for WebGL target not found
Refreshing native plugins compatible for Editor in 34.35 ms, found 1 plugins.
Preloading 0 native plugins for Editor in 0.00 ms.
Mono: successfully reloaded assembly
- Completed reload, in  0.766 seconds
Platform modules already initialized, skipping
========================================================================
Worker process is ready to serve import requests
Launched and connected shader compiler UnityShaderCompiler.exe after 0.04 seconds
Refreshing native plugins compatible for Editor in 0.31 ms, found 1 plugins.
Preloading 0 native plugins for Editor in 0.00 ms.
Unloading 1880 Unused Serialized files (Serialized files now loaded: 0)
System memory in use before: 88.3 MB.
System memory in use after: 88.3 MB.

Unloading 24 unused Assets to reduce memory usage. Loaded Objects now: 2324.
Total: 1.969900 ms (FindLiveObjects: 0.263500 ms CreateObjectMapping: 0.072700 ms MarkObjects: 1.501800 ms  DeleteObjects: 0.131000 ms)

========================================================================
Received Import Request.
  path: Assets/Desert_Tileset - Floating Ground 01.asset
  artifactKey: Guid(d278212efdccdbc448b01d01b57106c1) Importer(815301076,1909f56bfc062723c751e8b465ee728b)
Start importing Assets/Desert_Tileset - Floating Ground 01.asset using Guid(d278212efdccdbc448b01d01b57106c1) Importer(815301076,1909f56bfc062723c751e8b465ee728b)  -> (artifact id: 'ba5fbc5f79492832f8834abc383f66bf') in 0.069104 seconds
  Import took 0.071620 seconds .

========================================================================
Received Import Request.
  Time since last request: 2.056249 seconds.
  path: Assets/Desert_Tileset - Floating Ground 02.asset
  artifactKey: Guid(a890e9842d9dad74290d779f37799a30) Importer(815301076,1909f56bfc062723c751e8b465ee728b)
Start importing Assets/Desert_Tileset - Floating Ground 02.asset using Guid(a890e9842d9dad74290d779f37799a30) Importer(815301076,1909f56bfc062723c751e8b465ee728b)  -> (artifact id: 'e0dd7458612599f1e2a0d70b1eede548') in 0.013936 seconds
  Import took 0.016796 seconds .

========================================================================
Received Import Request.
  Time since last request: 0.010760 seconds.
  path: Assets/Desert_Tileset - Floating Ground 02.asset
  artifactKey: Guid(a890e9842d9dad74290d779f37799a30) Importer(815301076,1909f56bfc062723c751e8b465ee728b)
Start importing Assets/Desert_Tileset - Floating Ground 02.asset using Guid(a890e9842d9dad74290d779f37799a30) Importer(815301076,1909f56bfc062723c751e8b465ee728b)  -> (artifact id: 'e0dd7458612599f1e2a0d70b1eede548') in 0.012364 seconds
  Import took 0.015198 seconds .

========================================================================
Received Import Request.
  Time since last request: 1.214893 seconds.
  path: Assets/Desert_Tileset - Ground 03.asset
  artifactKey: Guid(da142cca1be79324eb3031958c4ce066) Importer(815301076,1909f56bfc062723c751e8b465ee728b)
Start importing Assets/Desert_Tileset - Ground 03.asset using Guid(da142cca1be79324eb3031958c4ce066) Importer(815301076,1909f56bfc062723c751e8b465ee728b)  -> (artifact id: '2d120337f750296425cd2cb02e70a812') in 0.009850 seconds
  Import took 0.012868 seconds .

========================================================================
Received Import Request.
  Time since last request: 0.005579 seconds.
  path: Assets/Desert_Tileset - Ground 03.asset
  artifactKey: Guid(da142cca1be79324eb3031958c4ce066) Importer(815301076,1909f56bfc062723c751e8b465ee728b)
Start importing Assets/Desert_Tileset - Ground 03.asset using Guid(da142cca1be79324eb3031958c4ce066) Importer(815301076,1909f56bfc062723c751e8b465ee728b)  -> (artifact id: '2d120337f750296425cd2cb02e70a812') in 0.008293 seconds
  Import took 0.011128 seconds .

========================================================================
Received Import Request.
  Time since last request: 9.257763 seconds.
  path: Assets/TileMaps/Desert_Tileset - Ground 02.asset
  artifactKey: Guid(e2fbbe42c374c7f4abcad74513ac54ec) Importer(815301076,1909f56bfc062723c751e8b465ee728b)
Start importing Assets/TileMaps/Desert_Tileset - Ground 02.asset using Guid(e2fbbe42c374c7f4abcad74513ac54ec) Importer(815301076,1909f56bfc062723c751e8b465ee728b)  -> (artifact id: 'c6dbb8c51acc36bbebc4654bcbd9d008') in 0.012894 seconds
  Import took 0.016923 seconds .

========================================================================
Received Import Request.
  Time since last request: 0.000816 seconds.
  path: Assets/TileMaps/Desert_Tileset - Ground 02.asset
  artifactKey: Guid(e2fbbe42c374c7f4abcad74513ac54ec) Importer(815301076,1909f56bfc062723c751e8b465ee728b)
Start importing Assets/TileMaps/Desert_Tileset - Ground 02.asset using Guid(e2fbbe42c374c7f4abcad74513ac54ec) Importer(815301076,1909f56bfc062723c751e8b465ee728b)  -> (artifact id: 'c6dbb8c51acc36bbebc4654bcbd9d008') in 0.007641 seconds
  Import took 0.010143 seconds .

========================================================================
Received Prepare
Registering precompiled user dll's ...
Registered in 0.000941 seconds.
Begin MonoManager ReloadAssembly
Native extension for LinuxStandalone target not found
Native extension for WindowsStandalone target not found
Native extension for OSXStandalone target not found
Native extension for WebGL target not found
Refreshing native plugins compatible for Editor in 0.35 ms, found 1 plugins.
Preloading 0 native plugins for Editor in 0.00 ms.
Mono: successfully reloaded assembly
- Completed reload, in  0.682 seconds
Platform modules already initialized, skipping
Refreshing native plugins compatible for Editor in 0.32 ms, found 1 plugins.
Preloading 0 native plugins for Editor in 0.00 ms.
Unloading 1873 Unused Serialized files (Serialized files now loaded: 0)
System memory in use before: 91.2 MB.
System memory in use after: 91.2 MB.

Unloading 12 unused Assets to reduce memory usage. Loaded Objects now: 2333.
Total: 1.879300 ms (FindLiveObjects: 0.196700 ms CreateObjectMapping: 0.055200 ms MarkObjects: 1.505900 ms  DeleteObjects: 0.120700 ms)

========================================================================
Received Prepare
Registering precompiled user dll's ...
Registered in 0.001088 seconds.
Begin MonoManager ReloadAssembly
Native extension for LinuxStandalone target not found
Native extension for WindowsStandalone target not found
Native extension for OSXStandalone target not found
Native extension for WebGL target not found
Refreshing native plugins compatible for Editor in 0.38 ms, found 1 plugins.
Preloading 0 native plugins for Editor in 0.00 ms.
Mono: successfully reloaded assembly
- Completed reload, in  0.683 seconds
Platform modules already initialized, skipping
Refreshing native plugins compatible for Editor in 0.31 ms, found 1 plugins.
Preloading 0 native plugins for Editor in 0.00 ms.
Unloading 1873 Unused Serialized files (Serialized files now loaded: 0)
System memory in use before: 91.2 MB.
System memory in use after: 91.2 MB.

Unloading 12 unused Assets to reduce memory usage. Loaded Objects now: 2337.
Total: 2.129800 ms (FindLiveObjects: 0.196800 ms CreateObjectMapping: 0.062200 ms MarkObjects: 1.744600 ms  DeleteObjects: 0.124600 ms)

========================================================================
Received Prepare
Registering precompiled user dll's ...
Registered in 0.000994 seconds.
Begin MonoManager ReloadAssembly
Native extension for LinuxStandalone target not found
Native extension for WindowsStandalone target not found
Native extension for OSXStandalone target not found
Native extension for WebGL target not found
Refreshing native plugins compatible for Editor in 0.41 ms, found 1 plugins.
Preloading 0 native plugins for Editor in 0.00 ms.
Mono: successfully reloaded assembly
- Completed reload, in  0.686 seconds
Platform modules already initialized, skipping
Refreshing native plugins compatible for Editor in 0.45 ms, found 1 plugins.
Preloading 0 native plugins for Editor in 0.00 ms.
Unloading 1873 Unused Serialized files (Serialized files now loaded: 0)
System memory in use before: 91.2 MB.
System memory in use after: 91.2 MB.

Unloading 12 unused Assets to reduce memory usage. Loaded Objects now: 2341.
Total: 1.871600 ms (FindLiveObjects: 0.183800 ms CreateObjectMapping: 0.045600 ms MarkObjects: 1.520200 ms  DeleteObjects: 0.121100 ms)

========================================================================
Received Prepare
Registering precompiled user dll's ...
Registered in 0.001146 seconds.
Begin MonoManager ReloadAssembly
Native extension for LinuxStandalone target not found
Native extension for WindowsStandalone target not found
Native extension for OSXStandalone target not found
Native extension for WebGL target not found
Refreshing native plugins compatible for Editor in 0.32 ms, found 1 plugins.
Preloading 0 native plugins for Editor in 0.00 ms.
Mono: successfully reloaded assembly
- Completed reload, in  0.643 seconds
Platform modules already initialized, skipping
Refreshing native plugins compatible for Editor in 0.32 ms, found 1 plugins.
Preloading 0 native plugins for Editor in 0.00 ms.
Unloading 1873 Unused Serialized files (Serialized files now loaded: 0)
System memory in use before: 91.3 MB.
System memory in use after: 91.3 MB.

Unloading 12 unused Assets to reduce memory usage. Loaded Objects now: 2345.
Total: 2.199200 ms (FindLiveObjects: 0.220300 ms CreateObjectMapping: 0.087100 ms MarkObjects: 1.778500 ms  DeleteObjects: 0.111400 ms)

========================================================================
Received Prepare
Registering precompiled user dll's ...
Registered in 0.001002 seconds.
Begin MonoManager ReloadAssembly
Native extension for LinuxStandalone target not found
Native extension for WindowsStandalone target not found
Native extension for OSXStandalone target not found
Native extension for WebGL target not found
Refreshing native plugins compatible for Editor in 0.30 ms, found 1 plugins.
Preloading 0 native plugins for Editor in 0.00 ms.
Mono: successfully reloaded assembly
- Completed reload, in  0.648 seconds
Platform modules already initialized, skipping
Refreshing native plugins compatible for Editor in 0.32 ms, found 1 plugins.
Preloading 0 native plugins for Editor in 0.00 ms.
Unloading 1873 Unused Serialized files (Serialized files now loaded: 0)
System memory in use before: 91.3 MB.
System memory in use after: 91.3 MB.

Unloading 12 unused Assets to reduce memory usage. Loaded Objects now: 2349.
Total: 1.577200 ms (FindLiveObjects: 0.149500 ms CreateObjectMapping: 0.042600 ms MarkObjects: 1.299300 ms  DeleteObjects: 0.085000 ms)

========================================================================
Received Import Request.
  Time since last request: 264.190772 seconds.
  path: Assets/Desert_Tileset - Floating Ground 01.asset
  artifactKey: Guid(d278212efdccdbc448b01d01b57106c1) Importer(815301076,1909f56bfc062723c751e8b465ee728b)
Start importing Assets/Desert_Tileset - Floating Ground 01.asset using Guid(d278212efdccdbc448b01d01b57106c1) Importer(815301076,1909f56bfc062723c751e8b465ee728b)  -> (artifact id: '84d8f41e26a40fbae42c0374098dfb3a') in 0.043485 seconds
  Import took 0.046385 seconds .

========================================================================
Received Import Request.
  Time since last request: 1.726578 seconds.
  path: Assets/Desert_Tileset - Ground 03.asset
  artifactKey: Guid(da142cca1be79324eb3031958c4ce066) Importer(815301076,1909f56bfc062723c751e8b465ee728b)
Start importing Assets/Desert_Tileset - Ground 03.asset using Guid(da142cca1be79324eb3031958c4ce066) Importer(815301076,1909f56bfc062723c751e8b465ee728b)  -> (artifact id: '2565b084261a5c36c7ea18b8808c8b7a') in 0.011465 seconds
  Import took 0.014365 seconds .

========================================================================
Received Import Request.
  Time since last request: 7.797893 seconds.
  path: Assets/Coin2.controller
  artifactKey: Guid(d16708e66e6d21d4881817504a2ab4c8) Importer(815301076,1909f56bfc062723c751e8b465ee728b)
Start importing Assets/Coin2.controller using Guid(d16708e66e6d21d4881817504a2ab4c8) Importer(815301076,1909f56bfc062723c751e8b465ee728b)  -> (artifact id: '4b068bb9d76ec96d8fc85fda651c8ce6') in 0.006628 seconds
  Import took 0.009560 seconds .

========================================================================
Received Import Request.
  Time since last request: 0.000824 seconds.
  path: Assets/Coin2.controller
  artifactKey: Guid(d16708e66e6d21d4881817504a2ab4c8) Importer(815301076,1909f56bfc062723c751e8b465ee728b)
Start importing Assets/Coin2.controller using Guid(d16708e66e6d21d4881817504a2ab4c8) Importer(815301076,1909f56bfc062723c751e8b465ee728b)  -> (artifact id: '4b068bb9d76ec96d8fc85fda651c8ce6') in 0.004089 seconds
  Import took 0.007035 seconds .

========================================================================
Received Prepare
Registering precompiled user dll's ...
Registered in 0.001017 seconds.
Begin MonoManager ReloadAssembly
Native extension for LinuxStandalone target not found
Native extension for WindowsStandalone target not found
Native extension for OSXStandalone target not found
Native extension for WebGL target not found
Refreshing native plugins compatible for Editor in 0.29 ms, found 1 plugins.
Preloading 0 native plugins for Editor in 0.00 ms.
Mono: successfully reloaded assembly
- Completed reload, in  0.628 seconds
Platform modules already initialized, skipping
Refreshing native plugins compatible for Editor in 0.30 ms, found 1 plugins.
Preloading 0 native plugins for Editor in 0.00 ms.
Unloading 1873 Unused Serialized files (Serialized files now loaded: 0)
System memory in use before: 91.3 MB.
System memory in use after: 91.3 MB.

Unloading 12 unused Assets to reduce memory usage. Loaded Objects now: 2354.
Total: 2.191300 ms (FindLiveObjects: 0.225700 ms CreateObjectMapping: 0.091500 ms MarkObjects: 1.741600 ms  DeleteObjects: 0.131200 ms)

========================================================================
Received Import Request.
  Time since last request: 7.877100 seconds.
  path: Assets/Coin.controller
  artifactKey: Guid(7e074c1ec96695f468c45c83edc3035f) Importer(815301076,1909f56bfc062723c751e8b465ee728b)
Start importing Assets/Coin.controller using Guid(7e074c1ec96695f468c45c83edc3035f) Importer(815301076,1909f56bfc062723c751e8b465ee728b)  -> (artifact id: '182391811a07e8661f2d3f9509ae2ada') in 0.012390 seconds
  Import took 0.015228 seconds .

========================================================================
Received Import Request.
  Time since last request: 0.698573 seconds.
  path: Assets/Coin2.anim
  artifactKey: Guid(b44d2ec46b214ea409f562a383fbbf33) Importer(815301076,1909f56bfc062723c751e8b465ee728b)
Start importing Assets/Coin2.anim using Guid(b44d2ec46b214ea409f562a383fbbf33) Importer(815301076,1909f56bfc062723c751e8b465ee728b)  -> (artifact id: '01df20fa3c8bfacac52660005bab4c6a') in 0.005214 seconds
  Import took 0.007824 seconds .

========================================================================
Received Import Request.
  Time since last request: 0.004376 seconds.
  path: Assets/Coin2.anim
  artifactKey: Guid(b44d2ec46b214ea409f562a383fbbf33) Importer(815301076,1909f56bfc062723c751e8b465ee728b)
Start importing Assets/Coin2.anim using Guid(b44d2ec46b214ea409f562a383fbbf33) Importer(815301076,1909f56bfc062723c751e8b465ee728b)  -> (artifact id: '01df20fa3c8bfacac52660005bab4c6a') in 0.004117 seconds
  Import took 0.007574 seconds .

========================================================================
Received Import Request.
  Time since last request: 1.730125 seconds.
  path: Assets/Coin.anim
  artifactKey: Guid(0c82365dfbda831429b055aabde9d474) Importer(815301076,1909f56bfc062723c751e8b465ee728b)
Start importing Assets/Coin.anim using Guid(0c82365dfbda831429b055aabde9d474) Importer(815301076,1909f56bfc062723c751e8b465ee728b)  -> (artifact id: '8ea7ec79be750206a672ac8024eccf98') in 0.004488 seconds
  Import took 0.007574 seconds .

========================================================================
Received Import Request.
  Time since last request: 0.003779 seconds.
  path: Assets/Coin.anim
  artifactKey: Guid(0c82365dfbda831429b055aabde9d474) Importer(815301076,1909f56bfc062723c751e8b465ee728b)
Start importing Assets/Coin.anim using Guid(0c82365dfbda831429b055aabde9d474) Importer(815301076,1909f56bfc062723c751e8b465ee728b)  -> (artifact id: '8ea7ec79be750206a672ac8024eccf98') in 0.004300 seconds
  Import took 0.006977 seconds .

========================================================================
Received Prepare
Registering precompiled user dll's ...
Registered in 0.001092 seconds.
Begin MonoManager ReloadAssembly
Native extension for LinuxStandalone target not found
Native extension for WindowsStandalone target not found
Native extension for OSXStandalone target not found
Native extension for WebGL target not found
Refreshing native plugins compatible for Editor in 0.36 ms, found 1 plugins.
Preloading 0 native plugins for Editor in 0.00 ms.
Mono: successfully reloaded assembly
- Completed reload, in  0.651 seconds
Platform modules already initialized, skipping
Refreshing native plugins compatible for Editor in 0.50 ms, found 1 plugins.
Preloading 0 native plugins for Editor in 0.00 ms.
Unloading 1873 Unused Serialized files (Serialized files now loaded: 0)
System memory in use before: 91.3 MB.
System memory in use after: 91.3 MB.

Unloading 12 unused Assets to reduce memory usage. Loaded Objects now: 2358.
Total: 1.815200 ms (FindLiveObjects: 0.167200 ms CreateObjectMapping: 0.042400 ms MarkObjects: 1.469300 ms  DeleteObjects: 0.135600 ms)

AssetImportWorkerClient::OnTransportError - code=2 error=End of file
