Using pre-set license
Built from '2020.3/staging' branch; Version is '2020.3.6f1 (338bb68529b2) revision 3378102'; Using compiler version '192528614'; Build Type 'Release'
OS: 'Windows 10 Home; OS build 19044.1503; Version 2009; 64bit' Language: 'en' Physical Memory: 32443 MB
BatchMode: 1, IsHumanControllingUs: 0, StartBugReporterOnCrash: 0, Is64bit: 1, IsPro: 0

 COMMAND LINE ARGUMENTS:
G:\Unity_Installs\2020.3.6f1\Editor\Unity.exe
-adb2
-batchMode
-noUpm
-name
AssetImportWorker0
-projectPath
C:/Users/ignis/OneDrive/Desktop/January (Game Development)/January-Game-Design-and-Development/Session_Two/Session_Two
-logFile
Logs/AssetImportWorker0.log
-srvPort
59076
Successfully changed project path to: C:/Users/ignis/OneDrive/Desktop/January (Game Development)/January-Game-Design-and-Development/Session_Two/Session_Two
C:/Users/ignis/OneDrive/Desktop/January (Game Development)/January-Game-Design-and-Development/Session_Two/Session_Two
Using Asset Import Pipeline V2.
Refreshing native plugins compatible for Editor in 30.64 ms, found 1 plugins.
Preloading 0 native plugins for Editor in 0.00 ms.
Initialize engine version: 2020.3.6f1 (338bb68529b2)
[Subsystems] Discovering subsystems at path G:/Unity_Installs/2020.3.6f1/Editor/Data/Resources/UnitySubsystems
[Subsystems] Discovering subsystems at path C:/Users/ignis/OneDrive/Desktop/January (Game Development)/January-Game-Design-and-Development/Session_Two/Session_Two/Assets
GfxDevice: creating device client; threaded=0
Direct3D:
    Version:  Direct3D 11.0 [level 11.1]
    Renderer: NVIDIA GeForce RTX 3060 (ID=0x2503)
    Vendor:   
    VRAM:     12143 MB
    Driver:   30.0.14.9709
Initialize mono
Mono path[0] = 'G:/Unity_Installs/2020.3.6f1/Editor/Data/Managed'
Mono path[1] = 'G:/Unity_Installs/2020.3.6f1/Editor/Data/MonoBleedingEdge/lib/mono/unityjit'
Mono config path = 'G:/Unity_Installs/2020.3.6f1/Editor/Data/MonoBleedingEdge/etc'
Using monoOptions --debugger-agent=transport=dt_socket,embedding=1,server=y,suspend=n,address=127.0.0.1:56968
Begin MonoManager ReloadAssembly
Registering precompiled unity dll's ...
Register platform support module: G:/Unity_Installs/2020.3.6f1/Editor/Data/PlaybackEngines/WebGLSupport/UnityEditor.WebGL.Extensions.dll
Register platform support module: G:/Unity_Installs/2020.3.6f1/Editor/Data/PlaybackEngines/MacStandaloneSupport/UnityEditor.OSXStandalone.Extensions.dll
Register platform support module: G:/Unity_Installs/2020.3.6f1/Editor/Data/PlaybackEngines/WindowsStandaloneSupport/UnityEditor.WindowsStandalone.Extensions.dll
Register platform support module: G:/Unity_Installs/2020.3.6f1/Editor/Data/PlaybackEngines/LinuxStandaloneSupport/UnityEditor.LinuxStandalone.Extensions.dll
Registered in 0.002666 seconds.
Native extension for LinuxStandalone target not found
Native extension for WindowsStandalone target not found
Native extension for OSXStandalone target not found
Native extension for WebGL target not found
Refreshing native plugins compatible for Editor in 27.93 ms, found 1 plugins.
Preloading 0 native plugins for Editor in 0.00 ms.
Mono: successfully reloaded assembly
- Completed reload, in  0.750 seconds
Platform modules already initialized, skipping
Registering precompiled user dll's ...
Registered in 0.000902 seconds.
Begin MonoManager ReloadAssembly
Native extension for LinuxStandalone target not found
Native extension for WindowsStandalone target not found
Native extension for OSXStandalone target not found
Native extension for WebGL target not found
Refreshing native plugins compatible for Editor in 27.02 ms, found 1 plugins.
Preloading 0 native plugins for Editor in 0.00 ms.
Mono: successfully reloaded assembly
- Completed reload, in  0.767 seconds
Platform modules already initialized, skipping
========================================================================
Worker process is ready to serve import requests
Launched and connected shader compiler UnityShaderCompiler.exe after 0.06 seconds
Refreshing native plugins compatible for Editor in 0.32 ms, found 1 plugins.
Preloading 0 native plugins for Editor in 0.00 ms.
Unloading 1808 Unused Serialized files (Serialized files now loaded: 0)
System memory in use before: 85.6 MB.
System memory in use after: 85.5 MB.

Unloading 24 unused Assets to reduce memory usage. Loaded Objects now: 2250.
Total: 2.399000 ms (FindLiveObjects: 0.358400 ms CreateObjectMapping: 0.105100 ms MarkObjects: 1.812400 ms  DeleteObjects: 0.120800 ms)

========================================================================
Received Import Request.
  path: Assets
  artifactKey: Guid(00000000000000001000000000000000) Importer(815301076,1909f56bfc062723c751e8b465ee728b)
Start importing Assets using Guid(00000000000000001000000000000000) Importer(815301076,1909f56bfc062723c751e8b465ee728b)  -> (artifact id: '2c602d4445bd9e0e517b9a7c882a2249') in 0.005411 seconds
  Import took 0.007847 seconds .

========================================================================
Received Prepare
Refreshing native plugins compatible for Editor in 1.59 ms, found 1 plugins.
Preloading 0 native plugins for Editor in 0.00 ms.
Unloading 10 Unused Serialized files (Serialized files now loaded: 0)
System memory in use before: 49.2 MB.
System memory in use after: 49.2 MB.

Unloading 10 unused Assets to reduce memory usage. Loaded Objects now: 2250.
Total: 1.841900 ms (FindLiveObjects: 0.282100 ms CreateObjectMapping: 0.054300 ms MarkObjects: 1.394800 ms  DeleteObjects: 0.109800 ms)

========================================================================
Received Import Request.
  Time since last request: 3.259095 seconds.
  path: Assets/Scripts
  artifactKey: Guid(16f23b961063c6348b10ba01be156243) Importer(815301076,1909f56bfc062723c751e8b465ee728b)
Start importing Assets/Scripts using Guid(16f23b961063c6348b10ba01be156243) Importer(815301076,1909f56bfc062723c751e8b465ee728b)  -> (artifact id: '62e88855a02f14eec07c22d8329de624') in 0.003291 seconds
  Import took 0.005630 seconds .

========================================================================
Received Import Request.
  Time since last request: 7.549379 seconds.
  path: Assets/Scripts/Flappy.cs
  artifactKey: Guid(0d54e4bd3af76f84695531d583906a29) Importer(815301076,1909f56bfc062723c751e8b465ee728b)
Start importing Assets/Scripts/Flappy.cs using Guid(0d54e4bd3af76f84695531d583906a29) Importer(815301076,1909f56bfc062723c751e8b465ee728b)  -> (artifact id: 'a4f9d026ae7881b358550bbcb5b8a353') in 0.027875 seconds
  Import took 0.032962 seconds .

========================================================================
Received Import Request.
  Time since last request: 0.002035 seconds.
  path: Assets/Scripts/Flappy.cs
  artifactKey: Guid(0d54e4bd3af76f84695531d583906a29) Importer(815301076,1909f56bfc062723c751e8b465ee728b)
Start importing Assets/Scripts/Flappy.cs using Guid(0d54e4bd3af76f84695531d583906a29) Importer(815301076,1909f56bfc062723c751e8b465ee728b)  -> (artifact id: 'a4f9d026ae7881b358550bbcb5b8a353') in 0.006116 seconds
  Import took 0.010419 seconds .

========================================================================
Received Prepare
Registering precompiled user dll's ...
Registered in 0.001153 seconds.
Begin MonoManager ReloadAssembly
Native extension for LinuxStandalone target not found
Native extension for WindowsStandalone target not found
Native extension for OSXStandalone target not found
Native extension for WebGL target not found
Refreshing native plugins compatible for Editor in 0.32 ms, found 1 plugins.
Preloading 0 native plugins for Editor in 0.00 ms.
Mono: successfully reloaded assembly
- Completed reload, in  0.698 seconds
Platform modules already initialized, skipping
Refreshing native plugins compatible for Editor in 0.30 ms, found 1 plugins.
Preloading 0 native plugins for Editor in 0.00 ms.
Unloading 1804 Unused Serialized files (Serialized files now loaded: 0)
System memory in use before: 85.6 MB.
System memory in use after: 85.6 MB.

Unloading 12 unused Assets to reduce memory usage. Loaded Objects now: 2255.
Total: 3.159300 ms (FindLiveObjects: 0.481000 ms CreateObjectMapping: 0.122600 ms MarkObjects: 2.453000 ms  DeleteObjects: 0.100500 ms)

========================================================================
Received Prepare
Registering precompiled user dll's ...
Registered in 0.001309 seconds.
Begin MonoManager ReloadAssembly
Native extension for LinuxStandalone target not found
Native extension for WindowsStandalone target not found
Native extension for OSXStandalone target not found
Native extension for WebGL target not found
Refreshing native plugins compatible for Editor in 0.30 ms, found 1 plugins.
Preloading 0 native plugins for Editor in 0.00 ms.
Mono: successfully reloaded assembly
- Completed reload, in  0.705 seconds
Platform modules already initialized, skipping
Refreshing native plugins compatible for Editor in 0.33 ms, found 1 plugins.
Preloading 0 native plugins for Editor in 0.00 ms.
Unloading 1804 Unused Serialized files (Serialized files now loaded: 0)
System memory in use before: 85.6 MB.
System memory in use after: 85.6 MB.

Unloading 12 unused Assets to reduce memory usage. Loaded Objects now: 2259.
Total: 2.741800 ms (FindLiveObjects: 0.438600 ms CreateObjectMapping: 0.094900 ms MarkObjects: 2.073300 ms  DeleteObjects: 0.133000 ms)

========================================================================
Received Import Request.
  Time since last request: 121.352167 seconds.
  path: Assets/Scripts/Flappy.cs
  artifactKey: Guid(0d54e4bd3af76f84695531d583906a29) Importer(815301076,1909f56bfc062723c751e8b465ee728b)
Start importing Assets/Scripts/Flappy.cs using Guid(0d54e4bd3af76f84695531d583906a29) Importer(815301076,1909f56bfc062723c751e8b465ee728b)  -> (artifact id: '820327c2f943cbed676bd189567bc46c') in 0.005510 seconds
  Import took 0.008010 seconds .

========================================================================
Received Prepare
Registering precompiled user dll's ...
Registered in 0.003252 seconds.
Begin MonoManager ReloadAssembly
Native extension for LinuxStandalone target not found
Native extension for WindowsStandalone target not found
Native extension for OSXStandalone target not found
Native extension for WebGL target not found
Refreshing native plugins compatible for Editor in 0.61 ms, found 1 plugins.
Preloading 0 native plugins for Editor in 0.00 ms.
Mono: successfully reloaded assembly
- Completed reload, in  0.768 seconds
Platform modules already initialized, skipping
Refreshing native plugins compatible for Editor in 0.30 ms, found 1 plugins.
Preloading 0 native plugins for Editor in 0.00 ms.
Unloading 1804 Unused Serialized files (Serialized files now loaded: 0)
System memory in use before: 85.6 MB.
System memory in use after: 85.6 MB.

Unloading 12 unused Assets to reduce memory usage. Loaded Objects now: 2263.
Total: 2.157400 ms (FindLiveObjects: 0.184600 ms CreateObjectMapping: 0.045800 ms MarkObjects: 1.816500 ms  DeleteObjects: 0.109300 ms)

========================================================================
Received Prepare
Registering precompiled user dll's ...
Registered in 0.001042 seconds.
Begin MonoManager ReloadAssembly
Native extension for LinuxStandalone target not found
Native extension for WindowsStandalone target not found
Native extension for OSXStandalone target not found
Native extension for WebGL target not found
Refreshing native plugins compatible for Editor in 0.31 ms, found 1 plugins.
Preloading 0 native plugins for Editor in 0.00 ms.
Mono: successfully reloaded assembly
- Completed reload, in  0.686 seconds
Platform modules already initialized, skipping
Refreshing native plugins compatible for Editor in 0.30 ms, found 1 plugins.
Preloading 0 native plugins for Editor in 0.00 ms.
Unloading 1804 Unused Serialized files (Serialized files now loaded: 0)
System memory in use before: 85.7 MB.
System memory in use after: 85.6 MB.

Unloading 12 unused Assets to reduce memory usage. Loaded Objects now: 2267.
Total: 2.647400 ms (FindLiveObjects: 0.452700 ms CreateObjectMapping: 0.080200 ms MarkObjects: 1.964200 ms  DeleteObjects: 0.148300 ms)

========================================================================
Received Prepare
Registering precompiled user dll's ...
Registered in 0.001710 seconds.
Begin MonoManager ReloadAssembly
Native extension for LinuxStandalone target not found
Native extension for WindowsStandalone target not found
Native extension for OSXStandalone target not found
Native extension for WebGL target not found
Refreshing native plugins compatible for Editor in 0.29 ms, found 1 plugins.
Preloading 0 native plugins for Editor in 0.00 ms.
Mono: successfully reloaded assembly
- Completed reload, in  0.693 seconds
Platform modules already initialized, skipping
Refreshing native plugins compatible for Editor in 0.30 ms, found 1 plugins.
Preloading 0 native plugins for Editor in 0.00 ms.
Unloading 1804 Unused Serialized files (Serialized files now loaded: 0)
System memory in use before: 85.7 MB.
System memory in use after: 85.6 MB.

Unloading 12 unused Assets to reduce memory usage. Loaded Objects now: 2271.
Total: 1.640500 ms (FindLiveObjects: 0.193600 ms CreateObjectMapping: 0.048900 ms MarkObjects: 1.300000 ms  DeleteObjects: 0.097000 ms)

========================================================================
Received Prepare
Registering precompiled user dll's ...
Registered in 0.003003 seconds.
Begin MonoManager ReloadAssembly
Native extension for LinuxStandalone target not found
Native extension for WindowsStandalone target not found
Native extension for OSXStandalone target not found
Native extension for WebGL target not found
Refreshing native plugins compatible for Editor in 0.29 ms, found 1 plugins.
Preloading 0 native plugins for Editor in 0.00 ms.
Mono: successfully reloaded assembly
- Completed reload, in  0.695 seconds
Platform modules already initialized, skipping
Refreshing native plugins compatible for Editor in 0.31 ms, found 1 plugins.
Preloading 0 native plugins for Editor in 0.00 ms.
Unloading 1804 Unused Serialized files (Serialized files now loaded: 0)
System memory in use before: 85.7 MB.
System memory in use after: 85.7 MB.

Unloading 12 unused Assets to reduce memory usage. Loaded Objects now: 2275.
Total: 2.982200 ms (FindLiveObjects: 0.467200 ms CreateObjectMapping: 0.116500 ms MarkObjects: 2.236400 ms  DeleteObjects: 0.158800 ms)

========================================================================
Received Prepare
Registering precompiled user dll's ...
Registered in 0.001504 seconds.
Begin MonoManager ReloadAssembly
Native extension for LinuxStandalone target not found
Native extension for WindowsStandalone target not found
Native extension for OSXStandalone target not found
Native extension for WebGL target not found
Refreshing native plugins compatible for Editor in 0.29 ms, found 1 plugins.
Preloading 0 native plugins for Editor in 0.00 ms.
Mono: successfully reloaded assembly
- Completed reload, in  0.703 seconds
Platform modules already initialized, skipping
Refreshing native plugins compatible for Editor in 0.32 ms, found 1 plugins.
Preloading 0 native plugins for Editor in 0.00 ms.
Unloading 1804 Unused Serialized files (Serialized files now loaded: 0)
System memory in use before: 85.7 MB.
System memory in use after: 85.7 MB.

Unloading 12 unused Assets to reduce memory usage. Loaded Objects now: 2279.
Total: 1.819000 ms (FindLiveObjects: 0.180100 ms CreateObjectMapping: 0.051900 ms MarkObjects: 1.462400 ms  DeleteObjects: 0.123100 ms)

========================================================================
Received Prepare
Registering precompiled user dll's ...
Registered in 0.001056 seconds.
Begin MonoManager ReloadAssembly
Native extension for LinuxStandalone target not found
Native extension for WindowsStandalone target not found
Native extension for OSXStandalone target not found
Native extension for WebGL target not found
Refreshing native plugins compatible for Editor in 0.54 ms, found 1 plugins.
Preloading 0 native plugins for Editor in 0.00 ms.
Mono: successfully reloaded assembly
- Completed reload, in  0.720 seconds
Platform modules already initialized, skipping
Refreshing native plugins compatible for Editor in 0.35 ms, found 1 plugins.
Preloading 0 native plugins for Editor in 0.00 ms.
Unloading 1804 Unused Serialized files (Serialized files now loaded: 0)
System memory in use before: 85.7 MB.
System memory in use after: 85.7 MB.

Unloading 12 unused Assets to reduce memory usage. Loaded Objects now: 2283.
Total: 3.337700 ms (FindLiveObjects: 0.396300 ms CreateObjectMapping: 0.112300 ms MarkObjects: 2.681300 ms  DeleteObjects: 0.146100 ms)

========================================================================
Received Prepare
Registering precompiled user dll's ...
Registered in 0.000959 seconds.
Begin MonoManager ReloadAssembly
Native extension for LinuxStandalone target not found
Native extension for WindowsStandalone target not found
Native extension for OSXStandalone target not found
Native extension for WebGL target not found
Refreshing native plugins compatible for Editor in 0.45 ms, found 1 plugins.
Preloading 0 native plugins for Editor in 0.00 ms.
Mono: successfully reloaded assembly
- Completed reload, in  0.744 seconds
Platform modules already initialized, skipping
Refreshing native plugins compatible for Editor in 0.41 ms, found 1 plugins.
Preloading 0 native plugins for Editor in 0.00 ms.
Unloading 1804 Unused Serialized files (Serialized files now loaded: 0)
System memory in use before: 85.7 MB.
System memory in use after: 85.7 MB.

Unloading 12 unused Assets to reduce memory usage. Loaded Objects now: 2287.
Total: 2.023100 ms (FindLiveObjects: 0.247800 ms CreateObjectMapping: 0.041300 ms MarkObjects: 1.598500 ms  DeleteObjects: 0.134600 ms)

========================================================================
Received Prepare
Registering precompiled user dll's ...
Registered in 0.001330 seconds.
Begin MonoManager ReloadAssembly
Native extension for LinuxStandalone target not found
Native extension for WindowsStandalone target not found
Native extension for OSXStandalone target not found
Native extension for WebGL target not found
Refreshing native plugins compatible for Editor in 0.42 ms, found 1 plugins.
Preloading 0 native plugins for Editor in 0.00 ms.
Mono: successfully reloaded assembly
- Completed reload, in  0.910 seconds
Platform modules already initialized, skipping
Refreshing native plugins compatible for Editor in 0.76 ms, found 1 plugins.
Preloading 0 native plugins for Editor in 0.00 ms.
Unloading 1812 Unused Serialized files (Serialized files now loaded: 0)
System memory in use before: 86.0 MB.
System memory in use after: 86.0 MB.

Unloading 12 unused Assets to reduce memory usage. Loaded Objects now: 2299.
Total: 2.358100 ms (FindLiveObjects: 0.273100 ms CreateObjectMapping: 0.089900 ms MarkObjects: 1.873800 ms  DeleteObjects: 0.120000 ms)

========================================================================
Received Prepare
Registering precompiled user dll's ...
Registered in 0.000906 seconds.
Begin MonoManager ReloadAssembly
Native extension for LinuxStandalone target not found
Native extension for WindowsStandalone target not found
Native extension for OSXStandalone target not found
Native extension for WebGL target not found
Refreshing native plugins compatible for Editor in 0.30 ms, found 1 plugins.
Preloading 0 native plugins for Editor in 0.00 ms.
Mono: successfully reloaded assembly
- Completed reload, in  0.742 seconds
Platform modules already initialized, skipping
Refreshing native plugins compatible for Editor in 0.30 ms, found 1 plugins.
Preloading 0 native plugins for Editor in 0.00 ms.
Unloading 1812 Unused Serialized files (Serialized files now loaded: 0)
System memory in use before: 86.0 MB.
System memory in use after: 86.0 MB.

Unloading 12 unused Assets to reduce memory usage. Loaded Objects now: 2303.
Total: 1.774500 ms (FindLiveObjects: 0.200600 ms CreateObjectMapping: 0.039600 ms MarkObjects: 1.396300 ms  DeleteObjects: 0.137000 ms)

========================================================================
Received Prepare
Registering precompiled user dll's ...
Registered in 0.001569 seconds.
Begin MonoManager ReloadAssembly
Native extension for LinuxStandalone target not found
Native extension for WindowsStandalone target not found
Native extension for OSXStandalone target not found
Native extension for WebGL target not found
Refreshing native plugins compatible for Editor in 0.36 ms, found 1 plugins.
Preloading 0 native plugins for Editor in 0.00 ms.
Mono: successfully reloaded assembly
- Completed reload, in  0.677 seconds
Platform modules already initialized, skipping
Refreshing native plugins compatible for Editor in 0.40 ms, found 1 plugins.
Preloading 0 native plugins for Editor in 0.00 ms.
Unloading 1812 Unused Serialized files (Serialized files now loaded: 0)
System memory in use before: 86.0 MB.
System memory in use after: 86.0 MB.

Unloading 12 unused Assets to reduce memory usage. Loaded Objects now: 2307.
Total: 3.092600 ms (FindLiveObjects: 0.412400 ms CreateObjectMapping: 0.105200 ms MarkObjects: 2.416300 ms  DeleteObjects: 0.157200 ms)

========================================================================
Received Prepare
Registering precompiled user dll's ...
Registered in 0.001349 seconds.
Begin MonoManager ReloadAssembly
Native extension for LinuxStandalone target not found
Native extension for WindowsStandalone target not found
Native extension for OSXStandalone target not found
Native extension for WebGL target not found
Refreshing native plugins compatible for Editor in 0.40 ms, found 1 plugins.
Preloading 0 native plugins for Editor in 0.00 ms.
Mono: successfully reloaded assembly
- Completed reload, in  0.735 seconds
Platform modules already initialized, skipping
Refreshing native plugins compatible for Editor in 0.30 ms, found 1 plugins.
Preloading 0 native plugins for Editor in 0.00 ms.
Unloading 1812 Unused Serialized files (Serialized files now loaded: 0)
System memory in use before: 86.0 MB.
System memory in use after: 86.0 MB.

Unloading 12 unused Assets to reduce memory usage. Loaded Objects now: 2311.
Total: 1.721700 ms (FindLiveObjects: 0.162900 ms CreateObjectMapping: 0.048700 ms MarkObjects: 1.413900 ms  DeleteObjects: 0.095300 ms)

========================================================================
Received Import Request.
  Time since last request: 2246.685983 seconds.
  path: Assets/Pipes.prefab
  artifactKey: Guid(e6b7bc9e6ec31b94b9d0a760865ef14b) Importer(815301076,1909f56bfc062723c751e8b465ee728b)
Start importing Assets/Pipes.prefab using Guid(e6b7bc9e6ec31b94b9d0a760865ef14b) Importer(815301076,1909f56bfc062723c751e8b465ee728b)  -> (artifact id: '3a3ba445d0b582dc812b48f831fc7fea') in 0.090922 seconds
  Import took 0.094138 seconds .

========================================================================
Received Import Request.
  Time since last request: 13.048339 seconds.
  path: Assets/Pipes.prefab
  artifactKey: Guid(e6b7bc9e6ec31b94b9d0a760865ef14b) Importer(815301076,1909f56bfc062723c751e8b465ee728b)
Start importing Assets/Pipes.prefab using Guid(e6b7bc9e6ec31b94b9d0a760865ef14b) Importer(815301076,1909f56bfc062723c751e8b465ee728b)  -> (artifact id: '81d859b9e850254c05be82f183a819b3') in 0.014647 seconds
  Import took 0.017377 seconds .

========================================================================
Received Import Request.
  Time since last request: 24.766700 seconds.
  path: Assets/New Folder
  artifactKey: Guid(397eb16fe74a27f479d18153db7e81c8) Importer(815301076,1909f56bfc062723c751e8b465ee728b)
Start importing Assets/New Folder using Guid(397eb16fe74a27f479d18153db7e81c8) Importer(815301076,1909f56bfc062723c751e8b465ee728b)  -> (artifact id: 'b049752ab1d6b2637be686dead95f177') in 0.004456 seconds
  Import took 0.007619 seconds .

========================================================================
Received Import Request.
  Time since last request: 57.530649 seconds.
  path: Assets/Pipes.prefab
  artifactKey: Guid(e6b7bc9e6ec31b94b9d0a760865ef14b) Importer(815301076,1909f56bfc062723c751e8b465ee728b)
Start importing Assets/Pipes.prefab using Guid(e6b7bc9e6ec31b94b9d0a760865ef14b) Importer(815301076,1909f56bfc062723c751e8b465ee728b)  -> (artifact id: '77ba5427b44947a60f288e11f108bce6') in 0.017498 seconds
  Import took 0.020993 seconds .

========================================================================
Received Import Request.
  Time since last request: 0.000698 seconds.
  path: Assets/Pipes.prefab
  artifactKey: Guid(e6b7bc9e6ec31b94b9d0a760865ef14b) Importer(815301076,1909f56bfc062723c751e8b465ee728b)
Start importing Assets/Pipes.prefab using Guid(e6b7bc9e6ec31b94b9d0a760865ef14b) Importer(815301076,1909f56bfc062723c751e8b465ee728b)  -> (artifact id: '77ba5427b44947a60f288e11f108bce6') in 0.011072 seconds
  Import took 0.014239 seconds .

========================================================================
Received Import Request.
  Time since last request: 8.538998 seconds.
  path: Assets/Prefabs
  artifactKey: Guid(397eb16fe74a27f479d18153db7e81c8) Importer(815301076,1909f56bfc062723c751e8b465ee728b)
Start importing Assets/Prefabs using Guid(397eb16fe74a27f479d18153db7e81c8) Importer(815301076,1909f56bfc062723c751e8b465ee728b)  -> (artifact id: '8568694fc3a83b3335ad57e0dad3031b') in 0.004567 seconds
  Import took 0.007513 seconds .

========================================================================
Received Import Request.
  Time since last request: 57.991359 seconds.
  path: Assets/Prefabs/Pipes.prefab
  artifactKey: Guid(e6b7bc9e6ec31b94b9d0a760865ef14b) Importer(815301076,1909f56bfc062723c751e8b465ee728b)
Start importing Assets/Prefabs/Pipes.prefab using Guid(e6b7bc9e6ec31b94b9d0a760865ef14b) Importer(815301076,1909f56bfc062723c751e8b465ee728b)  -> (artifact id: 'e4d018a3307417505dcb54902d3a99ca') in 0.013765 seconds
  Import took 0.017981 seconds .

========================================================================
Received Import Request.
  Time since last request: 7.410763 seconds.
  path: Assets/Prefabs/Pipes.prefab
  artifactKey: Guid(e6b7bc9e6ec31b94b9d0a760865ef14b) Importer(815301076,1909f56bfc062723c751e8b465ee728b)
Start importing Assets/Prefabs/Pipes.prefab using Guid(e6b7bc9e6ec31b94b9d0a760865ef14b) Importer(815301076,1909f56bfc062723c751e8b465ee728b)  -> (artifact id: 'a3d7608eb3e59b382918caab780aea7a') in 0.013393 seconds
  Import took 0.016527 seconds .

========================================================================
Received Import Request.
  Time since last request: 0.010889 seconds.
  path: Assets/Prefabs/Pipes.prefab
  artifactKey: Guid(e6b7bc9e6ec31b94b9d0a760865ef14b) Importer(815301076,1909f56bfc062723c751e8b465ee728b)
Start importing Assets/Prefabs/Pipes.prefab using Guid(e6b7bc9e6ec31b94b9d0a760865ef14b) Importer(815301076,1909f56bfc062723c751e8b465ee728b)  -> (artifact id: 'a3d7608eb3e59b382918caab780aea7a') in 0.011324 seconds
  Import took 0.014323 seconds .

========================================================================
Received Import Request.
  Time since last request: 13.954589 seconds.
  path: Assets/Prefabs/Pipes.prefab
  artifactKey: Guid(e6b7bc9e6ec31b94b9d0a760865ef14b) Importer(815301076,1909f56bfc062723c751e8b465ee728b)
Start importing Assets/Prefabs/Pipes.prefab using Guid(e6b7bc9e6ec31b94b9d0a760865ef14b) Importer(815301076,1909f56bfc062723c751e8b465ee728b)  -> (artifact id: 'c76cccba6949f80485f5291629484ffe') in 0.011296 seconds
  Import took 0.014377 seconds .

========================================================================
Received Import Request.
  Time since last request: 3.642115 seconds.
  path: Assets/Prefabs/Pipes.prefab
  artifactKey: Guid(e6b7bc9e6ec31b94b9d0a760865ef14b) Importer(815301076,1909f56bfc062723c751e8b465ee728b)
Start importing Assets/Prefabs/Pipes.prefab using Guid(e6b7bc9e6ec31b94b9d0a760865ef14b) Importer(815301076,1909f56bfc062723c751e8b465ee728b)  -> (artifact id: '9383f668fe49d0f70473ae8576da258d') in 0.010986 seconds
  Import took 0.013995 seconds .

========================================================================
Received Prepare
Registering precompiled user dll's ...
Registered in 0.002201 seconds.
Begin MonoManager ReloadAssembly
Native extension for LinuxStandalone target not found
Native extension for WindowsStandalone target not found
Native extension for OSXStandalone target not found
Native extension for WebGL target not found
Refreshing native plugins compatible for Editor in 0.29 ms, found 1 plugins.
Preloading 0 native plugins for Editor in 0.00 ms.
Mono: successfully reloaded assembly
- Completed reload, in  0.694 seconds
Platform modules already initialized, skipping
Refreshing native plugins compatible for Editor in 0.30 ms, found 1 plugins.
Preloading 0 native plugins for Editor in 0.00 ms.
Unloading 1812 Unused Serialized files (Serialized files now loaded: 0)
System memory in use before: 89.1 MB.
System memory in use after: 89.1 MB.

Unloading 12 unused Assets to reduce memory usage. Loaded Objects now: 2322.
Total: 1.961700 ms (FindLiveObjects: 0.157500 ms CreateObjectMapping: 0.041600 ms MarkObjects: 1.661700 ms  DeleteObjects: 0.099800 ms)

========================================================================
Received Import Request.
  Time since last request: 21.335243 seconds.
  path: Assets/Prefabs/Pipes.prefab
  artifactKey: Guid(e6b7bc9e6ec31b94b9d0a760865ef14b) Importer(815301076,1909f56bfc062723c751e8b465ee728b)
Start importing Assets/Prefabs/Pipes.prefab using Guid(e6b7bc9e6ec31b94b9d0a760865ef14b) Importer(815301076,1909f56bfc062723c751e8b465ee728b)  -> (artifact id: '37c5e5c6542b0406b5405e1a114e2d6c') in 0.055086 seconds
  Import took 0.058548 seconds .

========================================================================
Received Import Request.
  Time since last request: 27.748146 seconds.
  path: Assets/Prefabs/Pipes.prefab
  artifactKey: Guid(e6b7bc9e6ec31b94b9d0a760865ef14b) Importer(815301076,1909f56bfc062723c751e8b465ee728b)
Start importing Assets/Prefabs/Pipes.prefab using Guid(e6b7bc9e6ec31b94b9d0a760865ef14b) Importer(815301076,1909f56bfc062723c751e8b465ee728b)  -> (artifact id: 'e04b92f6bcb976a368a1889ee45971bf') in 0.011781 seconds
  Import took 0.014981 seconds .

========================================================================
Received Import Request.
  Time since last request: 0.001707 seconds.
  path: Assets/Prefabs/Pipes.prefab
  artifactKey: Guid(e6b7bc9e6ec31b94b9d0a760865ef14b) Importer(815301076,1909f56bfc062723c751e8b465ee728b)
Start importing Assets/Prefabs/Pipes.prefab using Guid(e6b7bc9e6ec31b94b9d0a760865ef14b) Importer(815301076,1909f56bfc062723c751e8b465ee728b)  -> (artifact id: 'e04b92f6bcb976a368a1889ee45971bf') in 0.010003 seconds
  Import took 0.012796 seconds .

========================================================================
Received Import Request.
  Time since last request: 1063.987045 seconds.
  path: Assets/Scripts/Spawner.cs
  artifactKey: Guid(70f1c681bda4c3d4bae7bb6c49f69945) Importer(815301076,1909f56bfc062723c751e8b465ee728b)
Start importing Assets/Scripts/Spawner.cs using Guid(70f1c681bda4c3d4bae7bb6c49f69945) Importer(815301076,1909f56bfc062723c751e8b465ee728b)  -> (artifact id: 'de828b30eed5eb7d88bbbc5e1e62c063') in 0.008853 seconds
  Import took 0.015285 seconds .

========================================================================
Received Prepare
Registering precompiled user dll's ...
Registered in 0.001002 seconds.
Begin MonoManager ReloadAssembly
Native extension for LinuxStandalone target not found
Native extension for WindowsStandalone target not found
Native extension for OSXStandalone target not found
Native extension for WebGL target not found
Refreshing native plugins compatible for Editor in 0.30 ms, found 1 plugins.
Preloading 0 native plugins for Editor in 0.00 ms.
Mono: successfully reloaded assembly
- Completed reload, in  0.766 seconds
Platform modules already initialized, skipping
Refreshing native plugins compatible for Editor in 0.30 ms, found 1 plugins.
Preloading 0 native plugins for Editor in 0.00 ms.
Unloading 1813 Unused Serialized files (Serialized files now loaded: 0)
System memory in use before: 89.2 MB.
System memory in use after: 89.2 MB.

Unloading 12 unused Assets to reduce memory usage. Loaded Objects now: 2328.
Total: 1.690700 ms (FindLiveObjects: 0.224800 ms CreateObjectMapping: 0.051200 ms MarkObjects: 1.305400 ms  DeleteObjects: 0.099300 ms)

========================================================================
Received Prepare
Registering precompiled user dll's ...
Registered in 0.001399 seconds.
Begin MonoManager ReloadAssembly
Native extension for LinuxStandalone target not found
Native extension for WindowsStandalone target not found
Native extension for OSXStandalone target not found
Native extension for WebGL target not found
Refreshing native plugins compatible for Editor in 0.36 ms, found 1 plugins.
Preloading 0 native plugins for Editor in 0.00 ms.
Mono: successfully reloaded assembly
- Completed reload, in  0.698 seconds
Platform modules already initialized, skipping
Refreshing native plugins compatible for Editor in 0.30 ms, found 1 plugins.
Preloading 0 native plugins for Editor in 0.00 ms.
Unloading 1813 Unused Serialized files (Serialized files now loaded: 0)
System memory in use before: 89.2 MB.
System memory in use after: 89.2 MB.

Unloading 12 unused Assets to reduce memory usage. Loaded Objects now: 2332.
Total: 1.797900 ms (FindLiveObjects: 0.224400 ms CreateObjectMapping: 0.050600 ms MarkObjects: 1.430300 ms  DeleteObjects: 0.091700 ms)

========================================================================
Received Import Request.
  Time since last request: 168.775533 seconds.
  path: Assets/Scripts/Spawner.cs
  artifactKey: Guid(70f1c681bda4c3d4bae7bb6c49f69945) Importer(815301076,1909f56bfc062723c751e8b465ee728b)
Start importing Assets/Scripts/Spawner.cs using Guid(70f1c681bda4c3d4bae7bb6c49f69945) Importer(815301076,1909f56bfc062723c751e8b465ee728b)  -> (artifact id: 'd63d77733dae435bc2ffeb578850ce1c') in 0.006014 seconds
  Import took 0.009072 seconds .

========================================================================
Received Prepare
Registering precompiled user dll's ...
Registered in 0.002673 seconds.
Begin MonoManager ReloadAssembly
Native extension for LinuxStandalone target not found
Native extension for WindowsStandalone target not found
Native extension for OSXStandalone target not found
Native extension for WebGL target not found
Refreshing native plugins compatible for Editor in 0.32 ms, found 1 plugins.
Preloading 0 native plugins for Editor in 0.00 ms.
Mono: successfully reloaded assembly
- Completed reload, in  0.693 seconds
Platform modules already initialized, skipping
Refreshing native plugins compatible for Editor in 0.31 ms, found 1 plugins.
Preloading 0 native plugins for Editor in 0.00 ms.
Unloading 1813 Unused Serialized files (Serialized files now loaded: 0)
System memory in use before: 89.2 MB.
System memory in use after: 89.2 MB.

Unloading 12 unused Assets to reduce memory usage. Loaded Objects now: 2336.
Total: 1.669400 ms (FindLiveObjects: 0.198500 ms CreateObjectMapping: 0.051900 ms MarkObjects: 1.324900 ms  DeleteObjects: 0.092600 ms)

========================================================================
Received Prepare
Registering precompiled user dll's ...
Registered in 0.001400 seconds.
Begin MonoManager ReloadAssembly
Native extension for LinuxStandalone target not found
Native extension for WindowsStandalone target not found
Native extension for OSXStandalone target not found
Native extension for WebGL target not found
Refreshing native plugins compatible for Editor in 0.39 ms, found 1 plugins.
Preloading 0 native plugins for Editor in 0.00 ms.
Mono: successfully reloaded assembly
- Completed reload, in  0.716 seconds
Platform modules already initialized, skipping
Refreshing native plugins compatible for Editor in 0.31 ms, found 1 plugins.
Preloading 0 native plugins for Editor in 0.00 ms.
Unloading 1813 Unused Serialized files (Serialized files now loaded: 0)
System memory in use before: 89.2 MB.
System memory in use after: 89.2 MB.

Unloading 12 unused Assets to reduce memory usage. Loaded Objects now: 2340.
Total: 1.982200 ms (FindLiveObjects: 0.273700 ms CreateObjectMapping: 0.074300 ms MarkObjects: 1.527200 ms  DeleteObjects: 0.106200 ms)

========================================================================
Received Import Request.
  Time since last request: 485.241468 seconds.
  path: Assets/Prefabs/Pipes.prefab
  artifactKey: Guid(e6b7bc9e6ec31b94b9d0a760865ef14b) Importer(815301076,1909f56bfc062723c751e8b465ee728b)
Start importing Assets/Prefabs/Pipes.prefab using Guid(e6b7bc9e6ec31b94b9d0a760865ef14b) Importer(815301076,1909f56bfc062723c751e8b465ee728b)  -> (artifact id: '6e0a8d67deb17a833e5bde96730f732e') in 0.045745 seconds
  Import took 0.048688 seconds .

========================================================================
Received Prepare
Registering precompiled user dll's ...
Registered in 0.001540 seconds.
Begin MonoManager ReloadAssembly
Native extension for LinuxStandalone target not found
Native extension for WindowsStandalone target not found
Native extension for OSXStandalone target not found
Native extension for WebGL target not found
Refreshing native plugins compatible for Editor in 0.34 ms, found 1 plugins.
Preloading 0 native plugins for Editor in 0.00 ms.
Mono: successfully reloaded assembly
- Completed reload, in  0.722 seconds
Platform modules already initialized, skipping
Refreshing native plugins compatible for Editor in 0.30 ms, found 1 plugins.
Preloading 0 native plugins for Editor in 0.00 ms.
Unloading 1813 Unused Serialized files (Serialized files now loaded: 0)
System memory in use before: 89.2 MB.
System memory in use after: 89.2 MB.

Unloading 12 unused Assets to reduce memory usage. Loaded Objects now: 2345.
Total: 1.824000 ms (FindLiveObjects: 0.164200 ms CreateObjectMapping: 0.042000 ms MarkObjects: 1.494200 ms  DeleteObjects: 0.122900 ms)

========================================================================
Received Import Request.
  Time since last request: 280.943335 seconds.
  path: Assets/Scripts/Pipes.cs
  artifactKey: Guid(c159d33932baf8b489600dd96e1ef16c) Importer(815301076,1909f56bfc062723c751e8b465ee728b)
Start importing Assets/Scripts/Pipes.cs using Guid(c159d33932baf8b489600dd96e1ef16c) Importer(815301076,1909f56bfc062723c751e8b465ee728b)  -> (artifact id: '5be8b26e36d8ea40ec5aac680c7c7d0d') in 0.015414 seconds
  Import took 0.020908 seconds .

========================================================================
Received Import Request.
  Time since last request: 0.012264 seconds.
  path: Assets/Scripts/Pipes.cs
  artifactKey: Guid(c159d33932baf8b489600dd96e1ef16c) Importer(815301076,1909f56bfc062723c751e8b465ee728b)
Start importing Assets/Scripts/Pipes.cs using Guid(c159d33932baf8b489600dd96e1ef16c) Importer(815301076,1909f56bfc062723c751e8b465ee728b)  -> (artifact id: '5be8b26e36d8ea40ec5aac680c7c7d0d') in 0.003950 seconds
  Import took 0.006946 seconds .

========================================================================
Received Prepare
Registering precompiled user dll's ...
Registered in 0.000949 seconds.
Begin MonoManager ReloadAssembly
Native extension for LinuxStandalone target not found
Native extension for WindowsStandalone target not found
Native extension for OSXStandalone target not found
Native extension for WebGL target not found
Refreshing native plugins compatible for Editor in 0.31 ms, found 1 plugins.
Preloading 0 native plugins for Editor in 0.00 ms.
Mono: successfully reloaded assembly
- Completed reload, in  0.714 seconds
Platform modules already initialized, skipping
Refreshing native plugins compatible for Editor in 0.30 ms, found 1 plugins.
Preloading 0 native plugins for Editor in 0.00 ms.
Unloading 1814 Unused Serialized files (Serialized files now loaded: 0)
System memory in use before: 89.2 MB.
System memory in use after: 89.2 MB.

Unloading 12 unused Assets to reduce memory usage. Loaded Objects now: 2350.
Total: 1.774900 ms (FindLiveObjects: 0.213000 ms CreateObjectMapping: 0.045800 ms MarkObjects: 1.398500 ms  DeleteObjects: 0.116700 ms)

========================================================================
Received Prepare
Registering precompiled user dll's ...
Registered in 0.001345 seconds.
Begin MonoManager ReloadAssembly
Native extension for LinuxStandalone target not found
Native extension for WindowsStandalone target not found
Native extension for OSXStandalone target not found
Native extension for WebGL target not found
Refreshing native plugins compatible for Editor in 0.30 ms, found 1 plugins.
Preloading 0 native plugins for Editor in 0.00 ms.
Mono: successfully reloaded assembly
- Completed reload, in  0.720 seconds
Platform modules already initialized, skipping
Refreshing native plugins compatible for Editor in 0.50 ms, found 1 plugins.
Preloading 0 native plugins for Editor in 0.00 ms.
Unloading 1814 Unused Serialized files (Serialized files now loaded: 0)
System memory in use before: 89.2 MB.
System memory in use after: 89.2 MB.

Unloading 12 unused Assets to reduce memory usage. Loaded Objects now: 2354.
Total: 1.705000 ms (FindLiveObjects: 0.179500 ms CreateObjectMapping: 0.050800 ms MarkObjects: 1.355800 ms  DeleteObjects: 0.117200 ms)

========================================================================
Received Import Request.
  Time since last request: 515.685917 seconds.
  path: Assets/Scripts/Pipes.cs
  artifactKey: Guid(c159d33932baf8b489600dd96e1ef16c) Importer(815301076,1909f56bfc062723c751e8b465ee728b)
Start importing Assets/Scripts/Pipes.cs using Guid(c159d33932baf8b489600dd96e1ef16c) Importer(815301076,1909f56bfc062723c751e8b465ee728b)  -> (artifact id: '58c42b31d4a2f7c849f674ed7ed49f1e') in 0.005569 seconds
  Import took 0.008125 seconds .

========================================================================
Received Import Request.
  Time since last request: 33.967950 seconds.
  path: Assets/Prefabs/Pipes.prefab
  artifactKey: Guid(e6b7bc9e6ec31b94b9d0a760865ef14b) Importer(815301076,1909f56bfc062723c751e8b465ee728b)
Start importing Assets/Prefabs/Pipes.prefab using Guid(e6b7bc9e6ec31b94b9d0a760865ef14b) Importer(815301076,1909f56bfc062723c751e8b465ee728b)  -> (artifact id: '0f6dba884c91b9fa49ab93b0ae414745') in 0.053320 seconds
  Import took 0.057724 seconds .

========================================================================
Received Prepare
Registering precompiled user dll's ...
Registered in 0.000924 seconds.
Begin MonoManager ReloadAssembly
Native extension for LinuxStandalone target not found
Native extension for WindowsStandalone target not found
Native extension for OSXStandalone target not found
Native extension for WebGL target not found
Refreshing native plugins compatible for Editor in 0.30 ms, found 1 plugins.
Preloading 0 native plugins for Editor in 0.00 ms.
Mono: successfully reloaded assembly
- Completed reload, in  0.757 seconds
Platform modules already initialized, skipping
Refreshing native plugins compatible for Editor in 0.30 ms, found 1 plugins.
Preloading 0 native plugins for Editor in 0.00 ms.
Unloading 1814 Unused Serialized files (Serialized files now loaded: 0)
System memory in use before: 89.3 MB.
System memory in use after: 89.2 MB.

Unloading 12 unused Assets to reduce memory usage. Loaded Objects now: 2359.
Total: 1.835000 ms (FindLiveObjects: 0.157700 ms CreateObjectMapping: 0.044700 ms MarkObjects: 1.474100 ms  DeleteObjects: 0.157600 ms)

========================================================================
Received Prepare
Registering precompiled user dll's ...
Registered in 0.000942 seconds.
Begin MonoManager ReloadAssembly
Native extension for LinuxStandalone target not found
Native extension for WindowsStandalone target not found
Native extension for OSXStandalone target not found
Native extension for WebGL target not found
Refreshing native plugins compatible for Editor in 0.30 ms, found 1 plugins.
Preloading 0 native plugins for Editor in 0.00 ms.
Mono: successfully reloaded assembly
- Completed reload, in  0.699 seconds
Platform modules already initialized, skipping
Refreshing native plugins compatible for Editor in 0.29 ms, found 1 plugins.
Preloading 0 native plugins for Editor in 0.00 ms.
Unloading 1814 Unused Serialized files (Serialized files now loaded: 0)
System memory in use before: 89.3 MB.
System memory in use after: 89.2 MB.

Unloading 12 unused Assets to reduce memory usage. Loaded Objects now: 2363.
Total: 2.202700 ms (FindLiveObjects: 0.325700 ms CreateObjectMapping: 0.080700 ms MarkObjects: 1.690500 ms  DeleteObjects: 0.104200 ms)

========================================================================
Received Import Request.
  Time since last request: 25.534556 seconds.
  path: Assets/Prefabs/Pipes.prefab
  artifactKey: Guid(e6b7bc9e6ec31b94b9d0a760865ef14b) Importer(815301076,1909f56bfc062723c751e8b465ee728b)
Start importing Assets/Prefabs/Pipes.prefab using Guid(e6b7bc9e6ec31b94b9d0a760865ef14b) Importer(815301076,1909f56bfc062723c751e8b465ee728b)  -> (artifact id: '04f33ace0fbe262760bb09823e50350f') in 0.046041 seconds
  Import took 0.048896 seconds .

========================================================================
Received Import Request.
  Time since last request: 0.007707 seconds.
  path: Assets/Prefabs/Pipes.prefab
  artifactKey: Guid(e6b7bc9e6ec31b94b9d0a760865ef14b) Importer(815301076,1909f56bfc062723c751e8b465ee728b)
Start importing Assets/Prefabs/Pipes.prefab using Guid(e6b7bc9e6ec31b94b9d0a760865ef14b) Importer(815301076,1909f56bfc062723c751e8b465ee728b)  -> (artifact id: '04f33ace0fbe262760bb09823e50350f') in 0.009041 seconds
  Import took 0.012238 seconds .

========================================================================
Received Prepare
Registering precompiled user dll's ...
Registered in 0.000974 seconds.
Begin MonoManager ReloadAssembly
Native extension for LinuxStandalone target not found
Native extension for WindowsStandalone target not found
Native extension for OSXStandalone target not found
Native extension for WebGL target not found
Refreshing native plugins compatible for Editor in 0.42 ms, found 1 plugins.
Preloading 0 native plugins for Editor in 0.00 ms.
Mono: successfully reloaded assembly
- Completed reload, in  0.733 seconds
Platform modules already initialized, skipping
Refreshing native plugins compatible for Editor in 0.30 ms, found 1 plugins.
Preloading 0 native plugins for Editor in 0.00 ms.
Unloading 1814 Unused Serialized files (Serialized files now loaded: 0)
System memory in use before: 89.3 MB.
System memory in use after: 89.2 MB.

Unloading 12 unused Assets to reduce memory usage. Loaded Objects now: 2368.
Total: 2.325400 ms (FindLiveObjects: 0.445200 ms CreateObjectMapping: 0.107400 ms MarkObjects: 1.626800 ms  DeleteObjects: 0.141300 ms)

========================================================================
Received Prepare
Registering precompiled user dll's ...
Registered in 0.001187 seconds.
Begin MonoManager ReloadAssembly
Native extension for LinuxStandalone target not found
Native extension for WindowsStandalone target not found
Native extension for OSXStandalone target not found
Native extension for WebGL target not found
Refreshing native plugins compatible for Editor in 0.29 ms, found 1 plugins.
Preloading 0 native plugins for Editor in 0.00 ms.
Mono: successfully reloaded assembly
- Completed reload, in  0.680 seconds
Platform modules already initialized, skipping
Refreshing native plugins compatible for Editor in 0.32 ms, found 1 plugins.
Preloading 0 native plugins for Editor in 0.00 ms.
Unloading 1814 Unused Serialized files (Serialized files now loaded: 0)
System memory in use before: 89.3 MB.
System memory in use after: 89.3 MB.

Unloading 12 unused Assets to reduce memory usage. Loaded Objects now: 2372.
Total: 2.063100 ms (FindLiveObjects: 0.241200 ms CreateObjectMapping: 0.079900 ms MarkObjects: 1.639900 ms  DeleteObjects: 0.101000 ms)

========================================================================
Received Prepare
Registering precompiled user dll's ...
Registered in 0.001169 seconds.
Begin MonoManager ReloadAssembly
Native extension for LinuxStandalone target not found
Native extension for WindowsStandalone target not found
Native extension for OSXStandalone target not found
Native extension for WebGL target not found
Refreshing native plugins compatible for Editor in 0.45 ms, found 1 plugins.
Preloading 0 native plugins for Editor in 0.00 ms.
Mono: successfully reloaded assembly
- Completed reload, in  0.753 seconds
Platform modules already initialized, skipping
Refreshing native plugins compatible for Editor in 0.30 ms, found 1 plugins.
Preloading 0 native plugins for Editor in 0.00 ms.
Unloading 1814 Unused Serialized files (Serialized files now loaded: 0)
System memory in use before: 89.3 MB.
System memory in use after: 89.3 MB.

Unloading 12 unused Assets to reduce memory usage. Loaded Objects now: 2376.
Total: 1.819200 ms (FindLiveObjects: 0.221000 ms CreateObjectMapping: 0.048900 ms MarkObjects: 1.409700 ms  DeleteObjects: 0.138300 ms)

========================================================================
Received Prepare
Registering precompiled user dll's ...
Registered in 0.001498 seconds.
Begin MonoManager ReloadAssembly
Native extension for LinuxStandalone target not found
Native extension for WindowsStandalone target not found
Native extension for OSXStandalone target not found
Native extension for WebGL target not found
Refreshing native plugins compatible for Editor in 0.32 ms, found 1 plugins.
Preloading 0 native plugins for Editor in 0.00 ms.
Mono: successfully reloaded assembly
- Completed reload, in  0.757 seconds
Platform modules already initialized, skipping
Refreshing native plugins compatible for Editor in 0.56 ms, found 1 plugins.
Preloading 0 native plugins for Editor in 0.00 ms.
Unloading 1814 Unused Serialized files (Serialized files now loaded: 0)
System memory in use before: 89.3 MB.
System memory in use after: 89.3 MB.

Unloading 12 unused Assets to reduce memory usage. Loaded Objects now: 2380.
Total: 1.924700 ms (FindLiveObjects: 0.172800 ms CreateObjectMapping: 0.064800 ms MarkObjects: 1.541900 ms  DeleteObjects: 0.144300 ms)

========================================================================
Received Prepare
Registering precompiled user dll's ...
Registered in 0.000935 seconds.
Begin MonoManager ReloadAssembly
Native extension for LinuxStandalone target not found
Native extension for WindowsStandalone target not found
Native extension for OSXStandalone target not found
Native extension for WebGL target not found
Refreshing native plugins compatible for Editor in 0.39 ms, found 1 plugins.
Preloading 0 native plugins for Editor in 0.00 ms.
Mono: successfully reloaded assembly
- Completed reload, in  0.699 seconds
Platform modules already initialized, skipping
Refreshing native plugins compatible for Editor in 0.30 ms, found 1 plugins.
Preloading 0 native plugins for Editor in 0.00 ms.
Unloading 1814 Unused Serialized files (Serialized files now loaded: 0)
System memory in use before: 89.3 MB.
System memory in use after: 89.3 MB.

Unloading 12 unused Assets to reduce memory usage. Loaded Objects now: 2384.
Total: 2.193800 ms (FindLiveObjects: 0.370000 ms CreateObjectMapping: 0.086400 ms MarkObjects: 1.571900 ms  DeleteObjects: 0.164400 ms)

========================================================================
Received Import Request.
  Time since last request: 1227.191860 seconds.
  path: Assets/Prefabs/Pipes.prefab
  artifactKey: Guid(e6b7bc9e6ec31b94b9d0a760865ef14b) Importer(815301076,1909f56bfc062723c751e8b465ee728b)
Start importing Assets/Prefabs/Pipes.prefab using Guid(e6b7bc9e6ec31b94b9d0a760865ef14b) Importer(815301076,1909f56bfc062723c751e8b465ee728b)  -> (artifact id: '37ff33bb54a5c6113f89e8f1da35ad90') in 0.047995 seconds
  Import took 0.051651 seconds .

========================================================================
Received Prepare
Registering precompiled user dll's ...
Registered in 0.000947 seconds.
Begin MonoManager ReloadAssembly
Native extension for LinuxStandalone target not found
Native extension for WindowsStandalone target not found
Native extension for OSXStandalone target not found
Native extension for WebGL target not found
Refreshing native plugins compatible for Editor in 0.34 ms, found 1 plugins.
Preloading 0 native plugins for Editor in 0.00 ms.
Mono: successfully reloaded assembly
- Completed reload, in  0.778 seconds
Platform modules already initialized, skipping
Refreshing native plugins compatible for Editor in 0.37 ms, found 1 plugins.
Preloading 0 native plugins for Editor in 0.00 ms.
Unloading 1814 Unused Serialized files (Serialized files now loaded: 0)
System memory in use before: 89.3 MB.
System memory in use after: 89.3 MB.

Unloading 12 unused Assets to reduce memory usage. Loaded Objects now: 2389.
Total: 1.904600 ms (FindLiveObjects: 0.243400 ms CreateObjectMapping: 0.054300 ms MarkObjects: 1.499700 ms  DeleteObjects: 0.104800 ms)

========================================================================
Received Import Request.
  Time since last request: 10.135192 seconds.
  path: Assets/Prefabs/Pipes.prefab
  artifactKey: Guid(e6b7bc9e6ec31b94b9d0a760865ef14b) Importer(815301076,1909f56bfc062723c751e8b465ee728b)
Start importing Assets/Prefabs/Pipes.prefab using Guid(e6b7bc9e6ec31b94b9d0a760865ef14b) Importer(815301076,1909f56bfc062723c751e8b465ee728b)  -> (artifact id: 'fbd5457e8c6fcdc583dd445dcecd8c24') in 0.051477 seconds
  Import took 0.055070 seconds .

========================================================================
Received Prepare
Registering precompiled user dll's ...
Registered in 0.001324 seconds.
Begin MonoManager ReloadAssembly
Native extension for LinuxStandalone target not found
Native extension for WindowsStandalone target not found
Native extension for OSXStandalone target not found
Native extension for WebGL target not found
Refreshing native plugins compatible for Editor in 0.30 ms, found 1 plugins.
Preloading 0 native plugins for Editor in 0.00 ms.
Mono: successfully reloaded assembly
- Completed reload, in  0.711 seconds
Platform modules already initialized, skipping
Refreshing native plugins compatible for Editor in 0.30 ms, found 1 plugins.
Preloading 0 native plugins for Editor in 0.00 ms.
Unloading 1814 Unused Serialized files (Serialized files now loaded: 0)
System memory in use before: 89.3 MB.
System memory in use after: 89.3 MB.

Unloading 12 unused Assets to reduce memory usage. Loaded Objects now: 2394.
Total: 1.933300 ms (FindLiveObjects: 0.197400 ms CreateObjectMapping: 0.041800 ms MarkObjects: 1.597000 ms  DeleteObjects: 0.096400 ms)

========================================================================
Received Prepare
Registering precompiled user dll's ...
Registered in 0.000951 seconds.
Begin MonoManager ReloadAssembly
Native extension for LinuxStandalone target not found
Native extension for WindowsStandalone target not found
Native extension for OSXStandalone target not found
Native extension for WebGL target not found
Refreshing native plugins compatible for Editor in 0.40 ms, found 1 plugins.
Preloading 0 native plugins for Editor in 0.00 ms.
Mono: successfully reloaded assembly
- Completed reload, in  0.711 seconds
Platform modules already initialized, skipping
Refreshing native plugins compatible for Editor in 0.34 ms, found 1 plugins.
Preloading 0 native plugins for Editor in 0.00 ms.
Unloading 1814 Unused Serialized files (Serialized files now loaded: 0)
System memory in use before: 89.3 MB.
System memory in use after: 89.3 MB.

Unloading 12 unused Assets to reduce memory usage. Loaded Objects now: 2398.
Total: 1.756700 ms (FindLiveObjects: 0.206900 ms CreateObjectMapping: 0.052000 ms MarkObjects: 1.375300 ms  DeleteObjects: 0.121100 ms)

========================================================================
Received Import Request.
  Time since last request: 615.542889 seconds.
  path: Assets/Prefabs/Pipes.prefab
  artifactKey: Guid(e6b7bc9e6ec31b94b9d0a760865ef14b) Importer(815301076,1909f56bfc062723c751e8b465ee728b)
Start importing Assets/Prefabs/Pipes.prefab using Guid(e6b7bc9e6ec31b94b9d0a760865ef14b) Importer(815301076,1909f56bfc062723c751e8b465ee728b)  -> (artifact id: '317e8b29e08d1831c8bc8571c3c7a5d2') in 0.056975 seconds
  Import took 0.060780 seconds .

========================================================================
Received Prepare
Registering precompiled user dll's ...
Registered in 0.000962 seconds.
Begin MonoManager ReloadAssembly
Native extension for LinuxStandalone target not found
Native extension for WindowsStandalone target not found
Native extension for OSXStandalone target not found
Native extension for WebGL target not found
Refreshing native plugins compatible for Editor in 0.31 ms, found 1 plugins.
Preloading 0 native plugins for Editor in 0.00 ms.
Mono: successfully reloaded assembly
- Completed reload, in  0.765 seconds
Platform modules already initialized, skipping
Refreshing native plugins compatible for Editor in 0.43 ms, found 1 plugins.
Preloading 0 native plugins for Editor in 0.00 ms.
Unloading 1814 Unused Serialized files (Serialized files now loaded: 0)
System memory in use before: 89.3 MB.
System memory in use after: 89.3 MB.

Unloading 12 unused Assets to reduce memory usage. Loaded Objects now: 2403.
Total: 2.783000 ms (FindLiveObjects: 0.389100 ms CreateObjectMapping: 0.061400 ms MarkObjects: 2.147900 ms  DeleteObjects: 0.182700 ms)

========================================================================
Received Prepare
Registering precompiled user dll's ...
Registered in 0.001008 seconds.
Begin MonoManager ReloadAssembly
Native extension for LinuxStandalone target not found
Native extension for WindowsStandalone target not found
Native extension for OSXStandalone target not found
Native extension for WebGL target not found
Refreshing native plugins compatible for Editor in 0.31 ms, found 1 plugins.
Preloading 0 native plugins for Editor in 0.00 ms.
Mono: successfully reloaded assembly
- Completed reload, in  0.897 seconds
Platform modules already initialized, skipping
Refreshing native plugins compatible for Editor in 0.30 ms, found 1 plugins.
Preloading 0 native plugins for Editor in 0.00 ms.
Unloading 1815 Unused Serialized files (Serialized files now loaded: 0)
System memory in use before: 89.4 MB.
System memory in use after: 89.4 MB.

Unloading 12 unused Assets to reduce memory usage. Loaded Objects now: 2408.
Total: 2.078300 ms (FindLiveObjects: 0.349200 ms CreateObjectMapping: 0.061200 ms MarkObjects: 1.565000 ms  DeleteObjects: 0.100600 ms)

========================================================================
Received Import Request.
  Time since last request: 209.918937 seconds.
  path: Assets/Scripts/GameMaster.cs
  artifactKey: Guid(fe480b36a9d80714d992afd7caa8319c) Importer(815301076,1909f56bfc062723c751e8b465ee728b)
Start importing Assets/Scripts/GameMaster.cs using Guid(fe480b36a9d80714d992afd7caa8319c) Importer(815301076,1909f56bfc062723c751e8b465ee728b)  -> (artifact id: '6dbd7f92688fbda9dce652749a519b89') in 0.005428 seconds
  Import took 0.008302 seconds .

========================================================================
Received Prepare
Registering precompiled user dll's ...
Registered in 0.001268 seconds.
Begin MonoManager ReloadAssembly
Native extension for LinuxStandalone target not found
Native extension for WindowsStandalone target not found
Native extension for OSXStandalone target not found
Native extension for WebGL target not found
Refreshing native plugins compatible for Editor in 0.88 ms, found 1 plugins.
Preloading 0 native plugins for Editor in 0.00 ms.
Mono: successfully reloaded assembly
- Completed reload, in  0.706 seconds
Platform modules already initialized, skipping
Refreshing native plugins compatible for Editor in 0.31 ms, found 1 plugins.
Preloading 0 native plugins for Editor in 0.00 ms.
Unloading 1815 Unused Serialized files (Serialized files now loaded: 0)
System memory in use before: 89.4 MB.
System memory in use after: 89.4 MB.

Unloading 12 unused Assets to reduce memory usage. Loaded Objects now: 2412.
Total: 1.605900 ms (FindLiveObjects: 0.172800 ms CreateObjectMapping: 0.045100 ms MarkObjects: 1.293500 ms  DeleteObjects: 0.093500 ms)

========================================================================
Received Prepare
Registering precompiled user dll's ...
Registered in 0.001104 seconds.
Begin MonoManager ReloadAssembly
Native extension for LinuxStandalone target not found
Native extension for WindowsStandalone target not found
Native extension for OSXStandalone target not found
Native extension for WebGL target not found
Refreshing native plugins compatible for Editor in 0.35 ms, found 1 plugins.
Preloading 0 native plugins for Editor in 0.00 ms.
Mono: successfully reloaded assembly
- Completed reload, in  0.698 seconds
Platform modules already initialized, skipping
Refreshing native plugins compatible for Editor in 0.30 ms, found 1 plugins.
Preloading 0 native plugins for Editor in 0.00 ms.
Unloading 1815 Unused Serialized files (Serialized files now loaded: 0)
System memory in use before: 89.4 MB.
System memory in use after: 89.4 MB.

Unloading 12 unused Assets to reduce memory usage. Loaded Objects now: 2416.
Total: 2.248800 ms (FindLiveObjects: 0.260400 ms CreateObjectMapping: 0.148400 ms MarkObjects: 1.732500 ms  DeleteObjects: 0.106200 ms)

========================================================================
Received Import Request.
  Time since last request: 245.128027 seconds.
  path: Assets/Scripts/GameMaster.cs
  artifactKey: Guid(fe480b36a9d80714d992afd7caa8319c) Importer(815301076,1909f56bfc062723c751e8b465ee728b)
Start importing Assets/Scripts/GameMaster.cs using Guid(fe480b36a9d80714d992afd7caa8319c) Importer(815301076,1909f56bfc062723c751e8b465ee728b)  -> (artifact id: 'a272b28bc500a4b851a0dfebfde3e73e') in 0.007238 seconds
  Import took 0.011059 seconds .

========================================================================
Received Prepare
Registering precompiled user dll's ...
Registered in 0.000928 seconds.
Begin MonoManager ReloadAssembly
Native extension for LinuxStandalone target not found
Native extension for WindowsStandalone target not found
Native extension for OSXStandalone target not found
Native extension for WebGL target not found
Refreshing native plugins compatible for Editor in 0.34 ms, found 1 plugins.
Preloading 0 native plugins for Editor in 0.00 ms.
Mono: successfully reloaded assembly
- Completed reload, in  0.763 seconds
Platform modules already initialized, skipping
Refreshing native plugins compatible for Editor in 0.33 ms, found 1 plugins.
Preloading 0 native plugins for Editor in 0.00 ms.
Unloading 1815 Unused Serialized files (Serialized files now loaded: 0)
System memory in use before: 89.4 MB.
System memory in use after: 89.4 MB.

Unloading 12 unused Assets to reduce memory usage. Loaded Objects now: 2420.
Total: 1.911600 ms (FindLiveObjects: 0.214700 ms CreateObjectMapping: 0.047600 ms MarkObjects: 1.522400 ms  DeleteObjects: 0.126200 ms)

========================================================================
Received Prepare
Registering precompiled user dll's ...
Registered in 0.000975 seconds.
Begin MonoManager ReloadAssembly
Native extension for LinuxStandalone target not found
Native extension for WindowsStandalone target not found
Native extension for OSXStandalone target not found
Native extension for WebGL target not found
Refreshing native plugins compatible for Editor in 0.45 ms, found 1 plugins.
Preloading 0 native plugins for Editor in 0.00 ms.
Mono: successfully reloaded assembly
- Completed reload, in  0.759 seconds
Platform modules already initialized, skipping
Refreshing native plugins compatible for Editor in 0.97 ms, found 1 plugins.
Preloading 0 native plugins for Editor in 0.00 ms.
Unloading 1815 Unused Serialized files (Serialized files now loaded: 0)
System memory in use before: 89.4 MB.
System memory in use after: 89.4 MB.

Unloading 12 unused Assets to reduce memory usage. Loaded Objects now: 2424.
Total: 2.362300 ms (FindLiveObjects: 0.263400 ms CreateObjectMapping: 0.056700 ms MarkObjects: 1.916800 ms  DeleteObjects: 0.124600 ms)

========================================================================
Received Prepare
Registering precompiled user dll's ...
Registered in 0.001231 seconds.
Begin MonoManager ReloadAssembly
Native extension for LinuxStandalone target not found
Native extension for WindowsStandalone target not found
Native extension for OSXStandalone target not found
Native extension for WebGL target not found
Refreshing native plugins compatible for Editor in 0.35 ms, found 1 plugins.
Preloading 0 native plugins for Editor in 0.00 ms.
Mono: successfully reloaded assembly
- Completed reload, in  0.749 seconds
Platform modules already initialized, skipping
Refreshing native plugins compatible for Editor in 0.30 ms, found 1 plugins.
Preloading 0 native plugins for Editor in 0.00 ms.
Unloading 1815 Unused Serialized files (Serialized files now loaded: 0)
System memory in use before: 89.4 MB.
System memory in use after: 89.4 MB.

Unloading 12 unused Assets to reduce memory usage. Loaded Objects now: 2428.
Total: 3.320800 ms (FindLiveObjects: 0.324700 ms CreateObjectMapping: 0.169000 ms MarkObjects: 2.617200 ms  DeleteObjects: 0.208200 ms)

========================================================================
Received Prepare
Registering precompiled user dll's ...
Registered in 0.000920 seconds.
Begin MonoManager ReloadAssembly
Native extension for LinuxStandalone target not found
Native extension for WindowsStandalone target not found
Native extension for OSXStandalone target not found
Native extension for WebGL target not found
Refreshing native plugins compatible for Editor in 1.09 ms, found 1 plugins.
Preloading 0 native plugins for Editor in 0.00 ms.
Mono: successfully reloaded assembly
- Completed reload, in  0.722 seconds
Platform modules already initialized, skipping
Refreshing native plugins compatible for Editor in 0.30 ms, found 1 plugins.
Preloading 0 native plugins for Editor in 0.00 ms.
Unloading 1815 Unused Serialized files (Serialized files now loaded: 0)
System memory in use before: 89.4 MB.
System memory in use after: 89.4 MB.

Unloading 12 unused Assets to reduce memory usage. Loaded Objects now: 2432.
Total: 2.139000 ms (FindLiveObjects: 0.339000 ms CreateObjectMapping: 0.084700 ms MarkObjects: 1.587200 ms  DeleteObjects: 0.127200 ms)

========================================================================
Received Prepare
Registering precompiled user dll's ...
Registered in 0.000966 seconds.
Begin MonoManager ReloadAssembly
Native extension for LinuxStandalone target not found
Native extension for WindowsStandalone target not found
Native extension for OSXStandalone target not found
Native extension for WebGL target not found
Refreshing native plugins compatible for Editor in 0.34 ms, found 1 plugins.
Preloading 0 native plugins for Editor in 0.00 ms.
Mono: successfully reloaded assembly
- Completed reload, in  0.757 seconds
Platform modules already initialized, skipping
Refreshing native plugins compatible for Editor in 0.30 ms, found 1 plugins.
Preloading 0 native plugins for Editor in 0.00 ms.
Unloading 1815 Unused Serialized files (Serialized files now loaded: 0)
System memory in use before: 89.4 MB.
System memory in use after: 89.4 MB.

Unloading 12 unused Assets to reduce memory usage. Loaded Objects now: 2436.
Total: 1.944700 ms (FindLiveObjects: 0.251700 ms CreateObjectMapping: 0.058400 ms MarkObjects: 1.518500 ms  DeleteObjects: 0.114800 ms)

========================================================================
Received Prepare
Registering precompiled user dll's ...
Registered in 0.000980 seconds.
Begin MonoManager ReloadAssembly
Native extension for LinuxStandalone target not found
Native extension for WindowsStandalone target not found
Native extension for OSXStandalone target not found
Native extension for WebGL target not found
Refreshing native plugins compatible for Editor in 0.38 ms, found 1 plugins.
Preloading 0 native plugins for Editor in 0.00 ms.
Mono: successfully reloaded assembly
- Completed reload, in  0.739 seconds
Platform modules already initialized, skipping
Refreshing native plugins compatible for Editor in 0.43 ms, found 1 plugins.
Preloading 0 native plugins for Editor in 0.00 ms.
Unloading 1815 Unused Serialized files (Serialized files now loaded: 0)
System memory in use before: 89.4 MB.
System memory in use after: 89.4 MB.

Unloading 12 unused Assets to reduce memory usage. Loaded Objects now: 2440.
Total: 2.287600 ms (FindLiveObjects: 0.213800 ms CreateObjectMapping: 0.115800 ms MarkObjects: 1.819100 ms  DeleteObjects: 0.138000 ms)

========================================================================
Received Prepare
Registering precompiled user dll's ...
Registered in 0.000944 seconds.
Begin MonoManager ReloadAssembly
Native extension for LinuxStandalone target not found
Native extension for WindowsStandalone target not found
Native extension for OSXStandalone target not found
Native extension for WebGL target not found
Refreshing native plugins compatible for Editor in 0.60 ms, found 1 plugins.
Preloading 0 native plugins for Editor in 0.00 ms.
Mono: successfully reloaded assembly
- Completed reload, in  0.728 seconds
Platform modules already initialized, skipping
Refreshing native plugins compatible for Editor in 0.30 ms, found 1 plugins.
Preloading 0 native plugins for Editor in 0.00 ms.
Unloading 1815 Unused Serialized files (Serialized files now loaded: 0)
System memory in use before: 89.5 MB.
System memory in use after: 89.4 MB.

Unloading 12 unused Assets to reduce memory usage. Loaded Objects now: 2444.
Total: 1.922900 ms (FindLiveObjects: 0.175200 ms CreateObjectMapping: 0.046100 ms MarkObjects: 1.563400 ms  DeleteObjects: 0.137300 ms)

========================================================================
Received Prepare
Registering precompiled user dll's ...
Registered in 0.000958 seconds.
Begin MonoManager ReloadAssembly
Native extension for LinuxStandalone target not found
Native extension for WindowsStandalone target not found
Native extension for OSXStandalone target not found
Native extension for WebGL target not found
Refreshing native plugins compatible for Editor in 0.48 ms, found 1 plugins.
Preloading 0 native plugins for Editor in 0.00 ms.
Mono: successfully reloaded assembly
- Completed reload, in  0.775 seconds
Platform modules already initialized, skipping
Refreshing native plugins compatible for Editor in 0.38 ms, found 1 plugins.
Preloading 0 native plugins for Editor in 0.00 ms.
Unloading 1815 Unused Serialized files (Serialized files now loaded: 0)
System memory in use before: 89.5 MB.
System memory in use after: 89.4 MB.

Unloading 12 unused Assets to reduce memory usage. Loaded Objects now: 2448.
Total: 1.767800 ms (FindLiveObjects: 0.189100 ms CreateObjectMapping: 0.055400 ms MarkObjects: 1.428800 ms  DeleteObjects: 0.093200 ms)

AssetImportWorkerClient::OnTransportError - code=2 error=End of file
