Using pre-set license
Built from '2020.3/staging' branch; Version is '2020.3.6f1 (338bb68529b2) revision 3378102'; Using compiler version '192528614'; Build Type 'Release'
OS: 'Windows 10 Home; OS build 19044.1526; Version 2009; 64bit' Language: 'en' Physical Memory: 32443 MB
BatchMode: 1, IsHumanControllingUs: 0, StartBugReporterOnCrash: 0, Is64bit: 1, IsPro: 0

 COMMAND LINE ARGUMENTS:
G:\Unity_Installs\2020.3.6f1\Editor\Unity.exe
-adb2
-batchMode
-noUpm
-name
AssetImportWorker0
-projectPath
C:/Users/ignis/OneDrive/Desktop/January (Game Development)/January-Game-Design-and-Development/Session_Five/Character_Controler
-logFile
Logs/AssetImportWorker0.log
-srvPort
56148
Successfully changed project path to: C:/Users/ignis/OneDrive/Desktop/January (Game Development)/January-Game-Design-and-Development/Session_Five/Character_Controler
C:/Users/ignis/OneDrive/Desktop/January (Game Development)/January-Game-Design-and-Development/Session_Five/Character_Controler
Using Asset Import Pipeline V2.
Refreshing native plugins compatible for Editor in 31.58 ms, found 1 plugins.
Preloading 0 native plugins for Editor in 0.00 ms.
Initialize engine version: 2020.3.6f1 (338bb68529b2)
[Subsystems] Discovering subsystems at path G:/Unity_Installs/2020.3.6f1/Editor/Data/Resources/UnitySubsystems
[Subsystems] Discovering subsystems at path C:/Users/ignis/OneDrive/Desktop/January (Game Development)/January-Game-Design-and-Development/Session_Five/Character_Controler/Assets
GfxDevice: creating device client; threaded=0
Direct3D:
    Version:  Direct3D 11.0 [level 11.1]
    Renderer: NVIDIA GeForce RTX 3060 (ID=0x2503)
    Vendor:   
    VRAM:     12142 MB
    Driver:   30.0.15.1165
Initialize mono
Mono path[0] = 'G:/Unity_Installs/2020.3.6f1/Editor/Data/Managed'
Mono path[1] = 'G:/Unity_Installs/2020.3.6f1/Editor/Data/MonoBleedingEdge/lib/mono/unityjit'
Mono config path = 'G:/Unity_Installs/2020.3.6f1/Editor/Data/MonoBleedingEdge/etc'
Using monoOptions --debugger-agent=transport=dt_socket,embedding=1,server=y,suspend=n,address=127.0.0.1:56232
Begin MonoManager ReloadAssembly
Registering precompiled unity dll's ...
Register platform support module: G:/Unity_Installs/2020.3.6f1/Editor/Data/PlaybackEngines/WebGLSupport/UnityEditor.WebGL.Extensions.dll
Register platform support module: G:/Unity_Installs/2020.3.6f1/Editor/Data/PlaybackEngines/MacStandaloneSupport/UnityEditor.OSXStandalone.Extensions.dll
Register platform support module: G:/Unity_Installs/2020.3.6f1/Editor/Data/PlaybackEngines/WindowsStandaloneSupport/UnityEditor.WindowsStandalone.Extensions.dll
Register platform support module: G:/Unity_Installs/2020.3.6f1/Editor/Data/PlaybackEngines/LinuxStandaloneSupport/UnityEditor.LinuxStandalone.Extensions.dll
Registered in 0.001829 seconds.
Native extension for LinuxStandalone target not found
Native extension for WindowsStandalone target not found
Native extension for OSXStandalone target not found
Native extension for WebGL target not found
Refreshing native plugins compatible for Editor in 28.22 ms, found 1 plugins.
Preloading 0 native plugins for Editor in 0.00 ms.
Mono: successfully reloaded assembly
- Completed reload, in  0.762 seconds
Platform modules already initialized, skipping
Registering precompiled user dll's ...
Registered in 0.001389 seconds.
Begin MonoManager ReloadAssembly
Native extension for LinuxStandalone target not found
Native extension for WindowsStandalone target not found
Native extension for OSXStandalone target not found
Native extension for WebGL target not found
Refreshing native plugins compatible for Editor in 29.03 ms, found 1 plugins.
Preloading 0 native plugins for Editor in 0.00 ms.
Mono: successfully reloaded assembly
- Completed reload, in  0.762 seconds
Platform modules already initialized, skipping
========================================================================
Worker process is ready to serve import requests
Launched and connected shader compiler UnityShaderCompiler.exe after 0.04 seconds
Refreshing native plugins compatible for Editor in 0.81 ms, found 1 plugins.
Preloading 0 native plugins for Editor in 0.00 ms.
Unloading 1808 Unused Serialized files (Serialized files now loaded: 0)
System memory in use before: 85.7 MB.
System memory in use after: 85.6 MB.

Unloading 24 unused Assets to reduce memory usage. Loaded Objects now: 2250.
Total: 4.654100 ms (FindLiveObjects: 0.357700 ms CreateObjectMapping: 0.104900 ms MarkObjects: 3.730700 ms  DeleteObjects: 0.457000 ms)

========================================================================
Received Import Request.
  path: Assets
  artifactKey: Guid(00000000000000001000000000000000) Importer(815301076,1909f56bfc062723c751e8b465ee728b)
Start importing Assets using Guid(00000000000000001000000000000000) Importer(815301076,1909f56bfc062723c751e8b465ee728b)  -> (artifact id: '2c602d4445bd9e0e517b9a7c882a2249') in 0.008036 seconds
  Import took 0.010573 seconds .

========================================================================
Received Import Request.
  Time since last request: 0.834578 seconds.
  path: Assets/Scripts
  artifactKey: Guid(a17ef0b11ac54eb45867082f2bc7428d) Importer(815301076,1909f56bfc062723c751e8b465ee728b)
Start importing Assets/Scripts using Guid(a17ef0b11ac54eb45867082f2bc7428d) Importer(815301076,1909f56bfc062723c751e8b465ee728b)  -> (artifact id: '9950a1fb7541a4cbf5f2d01ac81e1096') in 0.003738 seconds
  Import took 0.006834 seconds .

========================================================================
Received Import Request.
  Time since last request: 18.774366 seconds.
  path: Assets/Scripts/PlayerMovement.cs
  artifactKey: Guid(ca392c7fd71e3c44393aedf66460c718) Importer(815301076,1909f56bfc062723c751e8b465ee728b)
Start importing Assets/Scripts/PlayerMovement.cs using Guid(ca392c7fd71e3c44393aedf66460c718) Importer(815301076,1909f56bfc062723c751e8b465ee728b)  -> (artifact id: 'c93b518a85fbf1804918b41f7eeb95dd') in 0.056107 seconds
  Import took 0.061219 seconds .

========================================================================
Received Prepare
Registering precompiled user dll's ...
Registered in 0.000949 seconds.
Begin MonoManager ReloadAssembly
Native extension for LinuxStandalone target not found
Native extension for WindowsStandalone target not found
Native extension for OSXStandalone target not found
Native extension for WebGL target not found
Refreshing native plugins compatible for Editor in 0.55 ms, found 1 plugins.
Preloading 0 native plugins for Editor in 0.00 ms.
Mono: successfully reloaded assembly
- Completed reload, in  0.695 seconds
Platform modules already initialized, skipping
Refreshing native plugins compatible for Editor in 0.30 ms, found 1 plugins.
Preloading 0 native plugins for Editor in 0.00 ms.
Unloading 1804 Unused Serialized files (Serialized files now loaded: 0)
System memory in use before: 85.6 MB.
System memory in use after: 85.6 MB.

Unloading 12 unused Assets to reduce memory usage. Loaded Objects now: 2255.
Total: 1.736600 ms (FindLiveObjects: 0.225800 ms CreateObjectMapping: 0.052400 ms MarkObjects: 1.332500 ms  DeleteObjects: 0.124700 ms)

========================================================================
Received Prepare
Registering precompiled user dll's ...
Registered in 0.001491 seconds.
Begin MonoManager ReloadAssembly
Native extension for LinuxStandalone target not found
Native extension for WindowsStandalone target not found
Native extension for OSXStandalone target not found
Native extension for WebGL target not found
Refreshing native plugins compatible for Editor in 0.29 ms, found 1 plugins.
Preloading 0 native plugins for Editor in 0.00 ms.
Mono: successfully reloaded assembly
- Completed reload, in  0.726 seconds
Platform modules already initialized, skipping
Refreshing native plugins compatible for Editor in 0.36 ms, found 1 plugins.
Preloading 0 native plugins for Editor in 0.00 ms.
Unloading 1804 Unused Serialized files (Serialized files now loaded: 0)
System memory in use before: 85.7 MB.
System memory in use after: 85.7 MB.

Unloading 12 unused Assets to reduce memory usage. Loaded Objects now: 2259.
Total: 4.458200 ms (FindLiveObjects: 0.640500 ms CreateObjectMapping: 0.183400 ms MarkObjects: 3.394300 ms  DeleteObjects: 0.236100 ms)

========================================================================
Received Prepare
Registering precompiled user dll's ...
Registered in 0.001293 seconds.
Begin MonoManager ReloadAssembly
Native extension for LinuxStandalone target not found
Native extension for WindowsStandalone target not found
Native extension for OSXStandalone target not found
Native extension for WebGL target not found
Refreshing native plugins compatible for Editor in 0.29 ms, found 1 plugins.
Preloading 0 native plugins for Editor in 0.00 ms.
Mono: successfully reloaded assembly
- Completed reload, in  0.700 seconds
Platform modules already initialized, skipping
Refreshing native plugins compatible for Editor in 0.32 ms, found 1 plugins.
Preloading 0 native plugins for Editor in 0.00 ms.
Unloading 1804 Unused Serialized files (Serialized files now loaded: 0)
System memory in use before: 85.7 MB.
System memory in use after: 85.7 MB.

Unloading 12 unused Assets to reduce memory usage. Loaded Objects now: 2263.
Total: 2.299300 ms (FindLiveObjects: 0.470100 ms CreateObjectMapping: 0.101200 ms MarkObjects: 1.384700 ms  DeleteObjects: 0.340800 ms)

========================================================================
Received Prepare
Registering precompiled user dll's ...
Registered in 0.001384 seconds.
Begin MonoManager ReloadAssembly
Native extension for LinuxStandalone target not found
Native extension for WindowsStandalone target not found
Native extension for OSXStandalone target not found
Native extension for WebGL target not found
Refreshing native plugins compatible for Editor in 0.30 ms, found 1 plugins.
Preloading 0 native plugins for Editor in 0.00 ms.
Mono: successfully reloaded assembly
- Completed reload, in  0.820 seconds
Platform modules already initialized, skipping
Refreshing native plugins compatible for Editor in 0.29 ms, found 1 plugins.
Preloading 0 native plugins for Editor in 0.00 ms.
Unloading 1805 Unused Serialized files (Serialized files now loaded: 0)
System memory in use before: 85.7 MB.
System memory in use after: 85.7 MB.

Unloading 12 unused Assets to reduce memory usage. Loaded Objects now: 2268.
Total: 1.868500 ms (FindLiveObjects: 0.276200 ms CreateObjectMapping: 0.092100 ms MarkObjects: 1.400000 ms  DeleteObjects: 0.099200 ms)

========================================================================
Received Prepare
Registering precompiled user dll's ...
Registered in 0.000926 seconds.
Begin MonoManager ReloadAssembly
Native extension for LinuxStandalone target not found
Native extension for WindowsStandalone target not found
Native extension for OSXStandalone target not found
Native extension for WebGL target not found
Refreshing native plugins compatible for Editor in 0.29 ms, found 1 plugins.
Preloading 0 native plugins for Editor in 0.00 ms.
Mono: successfully reloaded assembly
- Completed reload, in  0.752 seconds
Platform modules already initialized, skipping
Refreshing native plugins compatible for Editor in 0.35 ms, found 1 plugins.
Preloading 0 native plugins for Editor in 0.00 ms.
Unloading 1805 Unused Serialized files (Serialized files now loaded: 0)
System memory in use before: 85.7 MB.
System memory in use after: 85.7 MB.

Unloading 12 unused Assets to reduce memory usage. Loaded Objects now: 2272.
Total: 2.347900 ms (FindLiveObjects: 0.308700 ms CreateObjectMapping: 0.060200 ms MarkObjects: 1.831000 ms  DeleteObjects: 0.146700 ms)

========================================================================
Received Import Request.
  Time since last request: 332.085151 seconds.
  path: Assets/Scripts/GroundControle.cs
  artifactKey: Guid(abcbc8e37ff82434294b5bf5df8c74b7) Importer(815301076,1909f56bfc062723c751e8b465ee728b)
Start importing Assets/Scripts/GroundControle.cs using Guid(abcbc8e37ff82434294b5bf5df8c74b7) Importer(815301076,1909f56bfc062723c751e8b465ee728b)  -> (artifact id: '615c590693f28734d0a7dc17a503ad08') in 0.008508 seconds
  Import took 0.012252 seconds .

========================================================================
Received Prepare
Registering precompiled user dll's ...
Registered in 0.001599 seconds.
Begin MonoManager ReloadAssembly
Native extension for LinuxStandalone target not found
Native extension for WindowsStandalone target not found
Native extension for OSXStandalone target not found
Native extension for WebGL target not found
Refreshing native plugins compatible for Editor in 0.30 ms, found 1 plugins.
Preloading 0 native plugins for Editor in 0.00 ms.
Mono: successfully reloaded assembly
- Completed reload, in  0.745 seconds
Platform modules already initialized, skipping
Refreshing native plugins compatible for Editor in 0.30 ms, found 1 plugins.
Preloading 0 native plugins for Editor in 0.00 ms.
Unloading 1805 Unused Serialized files (Serialized files now loaded: 0)
System memory in use before: 85.7 MB.
System memory in use after: 85.7 MB.

Unloading 12 unused Assets to reduce memory usage. Loaded Objects now: 2276.
Total: 1.718700 ms (FindLiveObjects: 0.174400 ms CreateObjectMapping: 0.080300 ms MarkObjects: 1.341300 ms  DeleteObjects: 0.121900 ms)

========================================================================
Received Import Request.
  Time since last request: 240.078327 seconds.
  path: Assets/Scripts/GroundControle.cs
  artifactKey: Guid(abcbc8e37ff82434294b5bf5df8c74b7) Importer(815301076,1909f56bfc062723c751e8b465ee728b)
Start importing Assets/Scripts/GroundControle.cs using Guid(abcbc8e37ff82434294b5bf5df8c74b7) Importer(815301076,1909f56bfc062723c751e8b465ee728b)  -> (artifact id: '3eaa94721b8eef9ab2cfeda4d02eb0f1') in 0.005548 seconds
  Import took 0.007984 seconds .

========================================================================
Received Prepare
Registering precompiled user dll's ...
Registered in 0.001117 seconds.
Begin MonoManager ReloadAssembly
Native extension for LinuxStandalone target not found
Native extension for WindowsStandalone target not found
Native extension for OSXStandalone target not found
Native extension for WebGL target not found
Refreshing native plugins compatible for Editor in 0.31 ms, found 1 plugins.
Preloading 0 native plugins for Editor in 0.00 ms.
Mono: successfully reloaded assembly
- Completed reload, in  0.702 seconds
Platform modules already initialized, skipping
Refreshing native plugins compatible for Editor in 0.29 ms, found 1 plugins.
Preloading 0 native plugins for Editor in 0.00 ms.
Unloading 1805 Unused Serialized files (Serialized files now loaded: 0)
System memory in use before: 85.7 MB.
System memory in use after: 85.7 MB.

Unloading 12 unused Assets to reduce memory usage. Loaded Objects now: 2280.
Total: 2.207500 ms (FindLiveObjects: 0.330500 ms CreateObjectMapping: 0.089200 ms MarkObjects: 1.670400 ms  DeleteObjects: 0.116200 ms)

========================================================================
Received Import Request.
  Time since last request: 7.100767 seconds.
  path: Assets/Scripts/GroundControle.cs
  artifactKey: Guid(abcbc8e37ff82434294b5bf5df8c74b7) Importer(815301076,1909f56bfc062723c751e8b465ee728b)
Start importing Assets/Scripts/GroundControle.cs using Guid(abcbc8e37ff82434294b5bf5df8c74b7) Importer(815301076,1909f56bfc062723c751e8b465ee728b)  -> (artifact id: '378cf0c15dfeb218154fae4a0663f069') in 0.007371 seconds
  Import took 0.010354 seconds .

========================================================================
Received Prepare
Registering precompiled user dll's ...
Registered in 0.001184 seconds.
Begin MonoManager ReloadAssembly
Native extension for LinuxStandalone target not found
Native extension for WindowsStandalone target not found
Native extension for OSXStandalone target not found
Native extension for WebGL target not found
Refreshing native plugins compatible for Editor in 0.35 ms, found 1 plugins.
Preloading 0 native plugins for Editor in 0.00 ms.
Mono: successfully reloaded assembly
- Completed reload, in  0.701 seconds
Platform modules already initialized, skipping
Refreshing native plugins compatible for Editor in 0.51 ms, found 1 plugins.
Preloading 0 native plugins for Editor in 0.00 ms.
Unloading 1805 Unused Serialized files (Serialized files now loaded: 0)
System memory in use before: 85.7 MB.
System memory in use after: 85.7 MB.

Unloading 12 unused Assets to reduce memory usage. Loaded Objects now: 2284.
Total: 2.034000 ms (FindLiveObjects: 0.255500 ms CreateObjectMapping: 0.116600 ms MarkObjects: 1.543400 ms  DeleteObjects: 0.117500 ms)

========================================================================
Received Prepare
Registering precompiled user dll's ...
Registered in 0.001911 seconds.
Begin MonoManager ReloadAssembly
Native extension for LinuxStandalone target not found
Native extension for WindowsStandalone target not found
Native extension for OSXStandalone target not found
Native extension for WebGL target not found
Refreshing native plugins compatible for Editor in 0.28 ms, found 1 plugins.
Preloading 0 native plugins for Editor in 0.00 ms.
Mono: successfully reloaded assembly
- Completed reload, in  0.711 seconds
Platform modules already initialized, skipping
Refreshing native plugins compatible for Editor in 0.30 ms, found 1 plugins.
Preloading 0 native plugins for Editor in 0.00 ms.
Unloading 1805 Unused Serialized files (Serialized files now loaded: 0)
System memory in use before: 85.7 MB.
System memory in use after: 85.7 MB.

Unloading 12 unused Assets to reduce memory usage. Loaded Objects now: 2288.
Total: 2.071400 ms (FindLiveObjects: 0.337200 ms CreateObjectMapping: 0.102700 ms MarkObjects: 1.522000 ms  DeleteObjects: 0.108200 ms)

========================================================================
Received Prepare
Registering precompiled user dll's ...
Registered in 0.001236 seconds.
Begin MonoManager ReloadAssembly
Native extension for LinuxStandalone target not found
Native extension for WindowsStandalone target not found
Native extension for OSXStandalone target not found
Native extension for WebGL target not found
Refreshing native plugins compatible for Editor in 0.57 ms, found 1 plugins.
Preloading 0 native plugins for Editor in 0.00 ms.
Mono: successfully reloaded assembly
- Completed reload, in  0.700 seconds
Platform modules already initialized, skipping
Refreshing native plugins compatible for Editor in 0.29 ms, found 1 plugins.
Preloading 0 native plugins for Editor in 0.00 ms.
Unloading 1805 Unused Serialized files (Serialized files now loaded: 0)
System memory in use before: 85.7 MB.
System memory in use after: 85.7 MB.

Unloading 12 unused Assets to reduce memory usage. Loaded Objects now: 2292.
Total: 1.677900 ms (FindLiveObjects: 0.198100 ms CreateObjectMapping: 0.056900 ms MarkObjects: 1.321800 ms  DeleteObjects: 0.100100 ms)

========================================================================
Received Prepare
Registering precompiled user dll's ...
Registered in 0.001096 seconds.
Begin MonoManager ReloadAssembly
Native extension for LinuxStandalone target not found
Native extension for WindowsStandalone target not found
Native extension for OSXStandalone target not found
Native extension for WebGL target not found
Refreshing native plugins compatible for Editor in 0.29 ms, found 1 plugins.
Preloading 0 native plugins for Editor in 0.00 ms.
Mono: successfully reloaded assembly
- Completed reload, in  0.706 seconds
Platform modules already initialized, skipping
Refreshing native plugins compatible for Editor in 0.29 ms, found 1 plugins.
Preloading 0 native plugins for Editor in 0.00 ms.
Unloading 1805 Unused Serialized files (Serialized files now loaded: 0)
System memory in use before: 85.8 MB.
System memory in use after: 85.7 MB.

Unloading 12 unused Assets to reduce memory usage. Loaded Objects now: 2296.
Total: 1.984400 ms (FindLiveObjects: 0.240200 ms CreateObjectMapping: 0.094600 ms MarkObjects: 1.523300 ms  DeleteObjects: 0.125000 ms)

========================================================================
Received Prepare
Registering precompiled user dll's ...
Registered in 0.001037 seconds.
Begin MonoManager ReloadAssembly
Native extension for LinuxStandalone target not found
Native extension for WindowsStandalone target not found
Native extension for OSXStandalone target not found
Native extension for WebGL target not found
Refreshing native plugins compatible for Editor in 0.36 ms, found 1 plugins.
Preloading 0 native plugins for Editor in 0.00 ms.
Mono: successfully reloaded assembly
- Completed reload, in  0.734 seconds
Platform modules already initialized, skipping
Refreshing native plugins compatible for Editor in 0.29 ms, found 1 plugins.
Preloading 0 native plugins for Editor in 0.00 ms.
Unloading 1805 Unused Serialized files (Serialized files now loaded: 0)
System memory in use before: 85.8 MB.
System memory in use after: 85.7 MB.

Unloading 12 unused Assets to reduce memory usage. Loaded Objects now: 2300.
Total: 2.107800 ms (FindLiveObjects: 0.217200 ms CreateObjectMapping: 0.054900 ms MarkObjects: 1.702300 ms  DeleteObjects: 0.132200 ms)

========================================================================
Received Prepare
Registering precompiled user dll's ...
Registered in 0.001075 seconds.
Begin MonoManager ReloadAssembly
Native extension for LinuxStandalone target not found
Native extension for WindowsStandalone target not found
Native extension for OSXStandalone target not found
Native extension for WebGL target not found
Refreshing native plugins compatible for Editor in 0.31 ms, found 1 plugins.
Preloading 0 native plugins for Editor in 0.00 ms.
Mono: successfully reloaded assembly
- Completed reload, in  0.702 seconds
Platform modules already initialized, skipping
Refreshing native plugins compatible for Editor in 0.33 ms, found 1 plugins.
Preloading 0 native plugins for Editor in 0.00 ms.
Unloading 1805 Unused Serialized files (Serialized files now loaded: 0)
System memory in use before: 85.8 MB.
System memory in use after: 85.7 MB.

Unloading 12 unused Assets to reduce memory usage. Loaded Objects now: 2304.
Total: 1.839900 ms (FindLiveObjects: 0.174000 ms CreateObjectMapping: 0.067800 ms MarkObjects: 1.490000 ms  DeleteObjects: 0.107000 ms)

========================================================================
Received Prepare
Registering precompiled user dll's ...
Registered in 0.001019 seconds.
Begin MonoManager ReloadAssembly
Native extension for LinuxStandalone target not found
Native extension for WindowsStandalone target not found
Native extension for OSXStandalone target not found
Native extension for WebGL target not found
Refreshing native plugins compatible for Editor in 0.29 ms, found 1 plugins.
Preloading 0 native plugins for Editor in 0.00 ms.
Mono: successfully reloaded assembly
- Completed reload, in  0.705 seconds
Platform modules already initialized, skipping
Refreshing native plugins compatible for Editor in 0.29 ms, found 1 plugins.
Preloading 0 native plugins for Editor in 0.00 ms.
Unloading 1805 Unused Serialized files (Serialized files now loaded: 0)
System memory in use before: 85.8 MB.
System memory in use after: 85.8 MB.

Unloading 12 unused Assets to reduce memory usage. Loaded Objects now: 2308.
Total: 1.670700 ms (FindLiveObjects: 0.156700 ms CreateObjectMapping: 0.040400 ms MarkObjects: 1.355700 ms  DeleteObjects: 0.117000 ms)

========================================================================
Received Prepare
Registering precompiled user dll's ...
Registered in 0.002681 seconds.
Begin MonoManager ReloadAssembly
Native extension for LinuxStandalone target not found
Native extension for WindowsStandalone target not found
Native extension for OSXStandalone target not found
Native extension for WebGL target not found
Refreshing native plugins compatible for Editor in 0.28 ms, found 1 plugins.
Preloading 0 native plugins for Editor in 0.00 ms.
Mono: successfully reloaded assembly
- Completed reload, in  0.716 seconds
Platform modules already initialized, skipping
Refreshing native plugins compatible for Editor in 0.51 ms, found 1 plugins.
Preloading 0 native plugins for Editor in 0.00 ms.
Unloading 1805 Unused Serialized files (Serialized files now loaded: 0)
System memory in use before: 85.8 MB.
System memory in use after: 85.8 MB.

Unloading 12 unused Assets to reduce memory usage. Loaded Objects now: 2312.
Total: 2.004500 ms (FindLiveObjects: 0.246200 ms CreateObjectMapping: 0.055900 ms MarkObjects: 1.544200 ms  DeleteObjects: 0.151200 ms)

========================================================================
Received Prepare
Registering precompiled user dll's ...
Registered in 0.001317 seconds.
Begin MonoManager ReloadAssembly
Native extension for LinuxStandalone target not found
Native extension for WindowsStandalone target not found
Native extension for OSXStandalone target not found
Native extension for WebGL target not found
Refreshing native plugins compatible for Editor in 0.32 ms, found 1 plugins.
Preloading 0 native plugins for Editor in 0.00 ms.
Mono: successfully reloaded assembly
- Completed reload, in  0.734 seconds
Platform modules already initialized, skipping
Refreshing native plugins compatible for Editor in 0.31 ms, found 1 plugins.
Preloading 0 native plugins for Editor in 0.00 ms.
Unloading 1805 Unused Serialized files (Serialized files now loaded: 0)
System memory in use before: 85.8 MB.
System memory in use after: 85.8 MB.

Unloading 12 unused Assets to reduce memory usage. Loaded Objects now: 2316.
Total: 2.933800 ms (FindLiveObjects: 0.680100 ms CreateObjectMapping: 0.246100 ms MarkObjects: 1.858700 ms  DeleteObjects: 0.146400 ms)

========================================================================
Received Prepare
Registering precompiled user dll's ...
Registered in 0.001088 seconds.
Begin MonoManager ReloadAssembly
Native extension for LinuxStandalone target not found
Native extension for WindowsStandalone target not found
Native extension for OSXStandalone target not found
Native extension for WebGL target not found
Refreshing native plugins compatible for Editor in 0.39 ms, found 1 plugins.
Preloading 0 native plugins for Editor in 0.00 ms.
Mono: successfully reloaded assembly
- Completed reload, in  0.695 seconds
Platform modules already initialized, skipping
Refreshing native plugins compatible for Editor in 0.30 ms, found 1 plugins.
Preloading 0 native plugins for Editor in 0.00 ms.
Unloading 1805 Unused Serialized files (Serialized files now loaded: 0)
System memory in use before: 85.8 MB.
System memory in use after: 85.8 MB.

Unloading 12 unused Assets to reduce memory usage. Loaded Objects now: 2320.
Total: 1.753200 ms (FindLiveObjects: 0.206500 ms CreateObjectMapping: 0.054700 ms MarkObjects: 1.358000 ms  DeleteObjects: 0.133200 ms)

========================================================================
Received Prepare
Registering precompiled user dll's ...
Registered in 0.001092 seconds.
Begin MonoManager ReloadAssembly
Native extension for LinuxStandalone target not found
Native extension for WindowsStandalone target not found
Native extension for OSXStandalone target not found
Native extension for WebGL target not found
Refreshing native plugins compatible for Editor in 0.30 ms, found 1 plugins.
Preloading 0 native plugins for Editor in 0.00 ms.
Mono: successfully reloaded assembly
- Completed reload, in  0.793 seconds
Platform modules already initialized, skipping
Refreshing native plugins compatible for Editor in 0.36 ms, found 1 plugins.
Preloading 0 native plugins for Editor in 0.00 ms.
Unloading 1805 Unused Serialized files (Serialized files now loaded: 0)
System memory in use before: 85.8 MB.
System memory in use after: 85.8 MB.

Unloading 12 unused Assets to reduce memory usage. Loaded Objects now: 2324.
Total: 3.643000 ms (FindLiveObjects: 0.232000 ms CreateObjectMapping: 0.110800 ms MarkObjects: 3.095000 ms  DeleteObjects: 0.204300 ms)

========================================================================
Received Prepare
Registering precompiled user dll's ...
Registered in 0.001395 seconds.
Begin MonoManager ReloadAssembly
Native extension for LinuxStandalone target not found
Native extension for WindowsStandalone target not found
Native extension for OSXStandalone target not found
Native extension for WebGL target not found
Refreshing native plugins compatible for Editor in 0.48 ms, found 1 plugins.
Preloading 0 native plugins for Editor in 0.00 ms.
Mono: successfully reloaded assembly
- Completed reload, in  0.698 seconds
Platform modules already initialized, skipping
Refreshing native plugins compatible for Editor in 0.43 ms, found 1 plugins.
Preloading 0 native plugins for Editor in 0.00 ms.
Unloading 1805 Unused Serialized files (Serialized files now loaded: 0)
System memory in use before: 85.8 MB.
System memory in use after: 85.8 MB.

Unloading 12 unused Assets to reduce memory usage. Loaded Objects now: 2328.
Total: 1.821300 ms (FindLiveObjects: 0.169300 ms CreateObjectMapping: 0.046200 ms MarkObjects: 1.504200 ms  DeleteObjects: 0.100500 ms)

========================================================================
Received Prepare
Registering precompiled user dll's ...
Registered in 0.001979 seconds.
Begin MonoManager ReloadAssembly
Native extension for LinuxStandalone target not found
Native extension for WindowsStandalone target not found
Native extension for OSXStandalone target not found
Native extension for WebGL target not found
Refreshing native plugins compatible for Editor in 0.30 ms, found 1 plugins.
Preloading 0 native plugins for Editor in 0.00 ms.
Mono: successfully reloaded assembly
- Completed reload, in  0.744 seconds
Platform modules already initialized, skipping
Refreshing native plugins compatible for Editor in 0.30 ms, found 1 plugins.
Preloading 0 native plugins for Editor in 0.00 ms.
Unloading 1805 Unused Serialized files (Serialized files now loaded: 0)
System memory in use before: 85.8 MB.
System memory in use after: 85.8 MB.

Unloading 12 unused Assets to reduce memory usage. Loaded Objects now: 2332.
Total: 1.844300 ms (FindLiveObjects: 0.161400 ms CreateObjectMapping: 0.049800 ms MarkObjects: 1.507500 ms  DeleteObjects: 0.124700 ms)

========================================================================
Received Prepare
Registering precompiled user dll's ...
Registered in 0.000952 seconds.
Begin MonoManager ReloadAssembly
Native extension for LinuxStandalone target not found
Native extension for WindowsStandalone target not found
Native extension for OSXStandalone target not found
Native extension for WebGL target not found
Refreshing native plugins compatible for Editor in 0.47 ms, found 1 plugins.
Preloading 0 native plugins for Editor in 0.00 ms.
Mono: successfully reloaded assembly
- Completed reload, in  0.678 seconds
Platform modules already initialized, skipping
Refreshing native plugins compatible for Editor in 0.33 ms, found 1 plugins.
Preloading 0 native plugins for Editor in 0.00 ms.
Unloading 1805 Unused Serialized files (Serialized files now loaded: 0)
System memory in use before: 85.8 MB.
System memory in use after: 85.8 MB.

Unloading 12 unused Assets to reduce memory usage. Loaded Objects now: 2336.
Total: 1.859800 ms (FindLiveObjects: 0.290100 ms CreateObjectMapping: 0.068400 ms MarkObjects: 1.396800 ms  DeleteObjects: 0.102800 ms)

========================================================================
Received Import Request.
  Time since last request: 1781.303362 seconds.
  path: Assets/Scripts/GroundControle.cs
  artifactKey: Guid(abcbc8e37ff82434294b5bf5df8c74b7) Importer(815301076,1909f56bfc062723c751e8b465ee728b)
Start importing Assets/Scripts/GroundControle.cs using Guid(abcbc8e37ff82434294b5bf5df8c74b7) Importer(815301076,1909f56bfc062723c751e8b465ee728b)  -> (artifact id: 'ae8ca732f479abbfc6328edb0ea5dc40') in 0.006599 seconds
  Import took 0.009340 seconds .

========================================================================
Received Import Request.
  Time since last request: 0.018686 seconds.
  path: Assets/Scripts/GroundControle.cs
  artifactKey: Guid(abcbc8e37ff82434294b5bf5df8c74b7) Importer(815301076,1909f56bfc062723c751e8b465ee728b)
Start importing Assets/Scripts/GroundControle.cs using Guid(abcbc8e37ff82434294b5bf5df8c74b7) Importer(815301076,1909f56bfc062723c751e8b465ee728b)  -> (artifact id: 'ae8ca732f479abbfc6328edb0ea5dc40') in 0.003794 seconds
  Import took 0.006552 seconds .

========================================================================
Received Prepare
Registering precompiled user dll's ...
Registered in 0.001005 seconds.
Begin MonoManager ReloadAssembly
Native extension for LinuxStandalone target not found
Native extension for WindowsStandalone target not found
Native extension for OSXStandalone target not found
Native extension for WebGL target not found
Refreshing native plugins compatible for Editor in 0.30 ms, found 1 plugins.
Preloading 0 native plugins for Editor in 0.00 ms.
Mono: successfully reloaded assembly
- Completed reload, in  0.636 seconds
Platform modules already initialized, skipping
Refreshing native plugins compatible for Editor in 0.29 ms, found 1 plugins.
Preloading 0 native plugins for Editor in 0.00 ms.
Unloading 1805 Unused Serialized files (Serialized files now loaded: 0)
System memory in use before: 85.8 MB.
System memory in use after: 85.8 MB.

Unloading 12 unused Assets to reduce memory usage. Loaded Objects now: 2340.
Total: 1.737100 ms (FindLiveObjects: 0.150000 ms CreateObjectMapping: 0.041900 ms MarkObjects: 1.421400 ms  DeleteObjects: 0.123100 ms)

========================================================================
Received Prepare
Registering precompiled user dll's ...
Registered in 0.001189 seconds.
Begin MonoManager ReloadAssembly
Native extension for LinuxStandalone target not found
Native extension for WindowsStandalone target not found
Native extension for OSXStandalone target not found
Native extension for WebGL target not found
Refreshing native plugins compatible for Editor in 0.60 ms, found 1 plugins.
Preloading 0 native plugins for Editor in 0.00 ms.
Invalid AssetDatabase path: /Editor/EditorResources/cm_logo_sm.png. Use path relative to the project folder.
UnityEngine.StackTraceUtility:ExtractStackTrace ()
UnityEditor.AssetDatabase:LoadAssetAtPath<UnityEngine.Texture2D> (string)
Cinemachine.Editor.CinemachineSettings:get_CinemachineLogoTexture () (at Library/PackageCache/com.unity.cinemachine@2.6.11/Editor/Windows/CinemachineSettings.cs:205)
Cinemachine.Editor.CinemachineSettings:.cctor () (at Library/PackageCache/com.unity.cinemachine@2.6.11/Editor/Windows/CinemachineSettings.cs:237)
Cinemachine.CinemachineColliderPrefs:.cctor () (at Library/PackageCache/com.unity.cinemachine@2.6.11/Editor/Windows/CinemachineColliderPrefs.cs:61)
System.Runtime.CompilerServices.RuntimeHelpers:RunClassConstructor (System.RuntimeTypeHandle)
UnityEditor.EditorAssemblies:ProcessInitializeOnLoadAttributes (System.Type[])

[Library/PackageCache/com.unity.cinemachine@2.6.11/Editor/Windows/CinemachineSettings.cs line 205]

Mono: successfully reloaded assembly
- Completed reload, in  0.895 seconds
Platform modules already initialized, skipping
Refreshing native plugins compatible for Editor in 0.41 ms, found 1 plugins.
Preloading 0 native plugins for Editor in 0.00 ms.
Unloading 1952 Unused Serialized files (Serialized files now loaded: 0)
System memory in use before: 91.0 MB.
System memory in use after: 90.9 MB.

Unloading 13 unused Assets to reduce memory usage. Loaded Objects now: 2490.
Total: 2.054400 ms (FindLiveObjects: 0.228200 ms CreateObjectMapping: 0.073400 ms MarkObjects: 1.628700 ms  DeleteObjects: 0.122600 ms)

========================================================================
Received Prepare
Registering precompiled user dll's ...
Registered in 0.001857 seconds.
Begin MonoManager ReloadAssembly
Native extension for LinuxStandalone target not found
Native extension for WindowsStandalone target not found
Native extension for OSXStandalone target not found
Native extension for WebGL target not found
Refreshing native plugins compatible for Editor in 0.33 ms, found 1 plugins.
Preloading 0 native plugins for Editor in 0.00 ms.
Mono: successfully reloaded assembly
- Completed reload, in  0.787 seconds
Platform modules already initialized, skipping
Refreshing native plugins compatible for Editor in 0.72 ms, found 1 plugins.
Preloading 0 native plugins for Editor in 0.00 ms.
Unloading 1953 Unused Serialized files (Serialized files now loaded: 0)
System memory in use before: 91.1 MB.
System memory in use after: 91.1 MB.

Unloading 14 unused Assets to reduce memory usage. Loaded Objects now: 2495.
Total: 2.016700 ms (FindLiveObjects: 0.216400 ms CreateObjectMapping: 0.047200 ms MarkObjects: 1.618100 ms  DeleteObjects: 0.133800 ms)

========================================================================
Received Prepare
Registering precompiled user dll's ...
Registered in 0.001032 seconds.
Begin MonoManager ReloadAssembly
Native extension for LinuxStandalone target not found
Native extension for WindowsStandalone target not found
Native extension for OSXStandalone target not found
Native extension for WebGL target not found
Refreshing native plugins compatible for Editor in 0.32 ms, found 1 plugins.
Preloading 0 native plugins for Editor in 0.00 ms.
Mono: successfully reloaded assembly
- Completed reload, in  0.765 seconds
Platform modules already initialized, skipping
Refreshing native plugins compatible for Editor in 0.30 ms, found 1 plugins.
Preloading 0 native plugins for Editor in 0.00 ms.
Unloading 1952 Unused Serialized files (Serialized files now loaded: 0)
System memory in use before: 91.1 MB.
System memory in use after: 91.1 MB.

Unloading 14 unused Assets to reduce memory usage. Loaded Objects now: 2499.
Total: 1.988000 ms (FindLiveObjects: 0.210600 ms CreateObjectMapping: 0.068500 ms MarkObjects: 1.598200 ms  DeleteObjects: 0.109500 ms)

========================================================================
Received Import Request.
  Time since last request: 684.989401 seconds.
  path: Assets/Scripts/PlayerMovement.cs
  artifactKey: Guid(ca392c7fd71e3c44393aedf66460c718) Importer(815301076,1909f56bfc062723c751e8b465ee728b)
Start importing Assets/Scripts/PlayerMovement.cs using Guid(ca392c7fd71e3c44393aedf66460c718) Importer(815301076,1909f56bfc062723c751e8b465ee728b)  -> (artifact id: '56bb2f4fd9b1c4e9235fa8f4151b886d') in 0.008258 seconds
  Import took 0.011419 seconds .

========================================================================
Received Prepare
Registering precompiled user dll's ...
Registered in 0.001185 seconds.
Begin MonoManager ReloadAssembly
Native extension for LinuxStandalone target not found
Native extension for WindowsStandalone target not found
Native extension for OSXStandalone target not found
Native extension for WebGL target not found
Refreshing native plugins compatible for Editor in 0.59 ms, found 1 plugins.
Preloading 0 native plugins for Editor in 0.00 ms.
Mono: successfully reloaded assembly
- Completed reload, in  0.725 seconds
Platform modules already initialized, skipping
Refreshing native plugins compatible for Editor in 1.04 ms, found 1 plugins.
Preloading 0 native plugins for Editor in 0.00 ms.
Unloading 1952 Unused Serialized files (Serialized files now loaded: 0)
System memory in use before: 91.1 MB.
System memory in use after: 91.1 MB.

Unloading 14 unused Assets to reduce memory usage. Loaded Objects now: 2503.
Total: 2.233700 ms (FindLiveObjects: 0.361900 ms CreateObjectMapping: 0.099200 ms MarkObjects: 1.651200 ms  DeleteObjects: 0.120200 ms)

========================================================================
Received Import Request.
  Time since last request: 158.932451 seconds.
  path: Assets/Scripts/PlayerMovement.cs
  artifactKey: Guid(ca392c7fd71e3c44393aedf66460c718) Importer(815301076,1909f56bfc062723c751e8b465ee728b)
Start importing Assets/Scripts/PlayerMovement.cs using Guid(ca392c7fd71e3c44393aedf66460c718) Importer(815301076,1909f56bfc062723c751e8b465ee728b)  -> (artifact id: '907dc29f45efb6c95e99c8f8a4685f23') in 0.005834 seconds
  Import took 0.008589 seconds .

========================================================================
Received Prepare
Registering precompiled user dll's ...
Registered in 0.000995 seconds.
Begin MonoManager ReloadAssembly
Native extension for LinuxStandalone target not found
Native extension for WindowsStandalone target not found
Native extension for OSXStandalone target not found
Native extension for WebGL target not found
Refreshing native plugins compatible for Editor in 0.30 ms, found 1 plugins.
Preloading 0 native plugins for Editor in 0.00 ms.
Mono: successfully reloaded assembly
- Completed reload, in  0.700 seconds
Platform modules already initialized, skipping
Refreshing native plugins compatible for Editor in 0.57 ms, found 1 plugins.
Preloading 0 native plugins for Editor in 0.00 ms.
Unloading 1952 Unused Serialized files (Serialized files now loaded: 0)
System memory in use before: 91.1 MB.
System memory in use after: 91.1 MB.

Unloading 14 unused Assets to reduce memory usage. Loaded Objects now: 2507.
Total: 1.993200 ms (FindLiveObjects: 0.243500 ms CreateObjectMapping: 0.056200 ms MarkObjects: 1.553300 ms  DeleteObjects: 0.139400 ms)

========================================================================
Received Prepare
Registering precompiled user dll's ...
Registered in 0.001042 seconds.
Begin MonoManager ReloadAssembly
Native extension for LinuxStandalone target not found
Native extension for WindowsStandalone target not found
Native extension for OSXStandalone target not found
Native extension for WebGL target not found
Refreshing native plugins compatible for Editor in 0.34 ms, found 1 plugins.
Preloading 0 native plugins for Editor in 0.00 ms.
Mono: successfully reloaded assembly
- Completed reload, in  0.760 seconds
Platform modules already initialized, skipping
Refreshing native plugins compatible for Editor in 0.38 ms, found 1 plugins.
Preloading 0 native plugins for Editor in 0.00 ms.
Unloading 1952 Unused Serialized files (Serialized files now loaded: 0)
System memory in use before: 91.1 MB.
System memory in use after: 91.1 MB.

Unloading 14 unused Assets to reduce memory usage. Loaded Objects now: 2511.
Total: 3.758700 ms (FindLiveObjects: 0.812700 ms CreateObjectMapping: 0.111300 ms MarkObjects: 2.611000 ms  DeleteObjects: 0.220700 ms)

========================================================================
Received Prepare
Registering precompiled user dll's ...
Registered in 0.000974 seconds.
Begin MonoManager ReloadAssembly
Native extension for LinuxStandalone target not found
Native extension for WindowsStandalone target not found
Native extension for OSXStandalone target not found
Native extension for WebGL target not found
Refreshing native plugins compatible for Editor in 0.30 ms, found 1 plugins.
Preloading 0 native plugins for Editor in 0.00 ms.
Mono: successfully reloaded assembly
- Completed reload, in  0.779 seconds
Platform modules already initialized, skipping
Refreshing native plugins compatible for Editor in 0.50 ms, found 1 plugins.
Preloading 0 native plugins for Editor in 0.00 ms.
Unloading 1952 Unused Serialized files (Serialized files now loaded: 0)
System memory in use before: 91.1 MB.
System memory in use after: 91.1 MB.

Unloading 14 unused Assets to reduce memory usage. Loaded Objects now: 2515.
Total: 2.977200 ms (FindLiveObjects: 0.656000 ms CreateObjectMapping: 0.216300 ms MarkObjects: 1.970300 ms  DeleteObjects: 0.131600 ms)

========================================================================
Received Prepare
Registering precompiled user dll's ...
Registered in 0.001327 seconds.
Begin MonoManager ReloadAssembly
Native extension for LinuxStandalone target not found
Native extension for WindowsStandalone target not found
Native extension for OSXStandalone target not found
Native extension for WebGL target not found
Refreshing native plugins compatible for Editor in 0.39 ms, found 1 plugins.
Preloading 0 native plugins for Editor in 0.00 ms.
Mono: successfully reloaded assembly
- Completed reload, in  0.720 seconds
Platform modules already initialized, skipping
Refreshing native plugins compatible for Editor in 0.31 ms, found 1 plugins.
Preloading 0 native plugins for Editor in 0.00 ms.
Unloading 1952 Unused Serialized files (Serialized files now loaded: 0)
System memory in use before: 91.1 MB.
System memory in use after: 91.1 MB.

Unloading 14 unused Assets to reduce memory usage. Loaded Objects now: 2519.
Total: 2.843500 ms (FindLiveObjects: 0.722500 ms CreateObjectMapping: 0.082300 ms MarkObjects: 1.928200 ms  DeleteObjects: 0.108900 ms)

========================================================================
Received Prepare
Registering precompiled user dll's ...
Registered in 0.001852 seconds.
Begin MonoManager ReloadAssembly
Native extension for LinuxStandalone target not found
Native extension for WindowsStandalone target not found
Native extension for OSXStandalone target not found
Native extension for WebGL target not found
Refreshing native plugins compatible for Editor in 0.58 ms, found 1 plugins.
Preloading 0 native plugins for Editor in 0.00 ms.
Mono: successfully reloaded assembly
- Completed reload, in  0.752 seconds
Platform modules already initialized, skipping
Refreshing native plugins compatible for Editor in 0.66 ms, found 1 plugins.
Preloading 0 native plugins for Editor in 0.00 ms.
Unloading 1952 Unused Serialized files (Serialized files now loaded: 0)
System memory in use before: 91.1 MB.
System memory in use after: 91.1 MB.

Unloading 14 unused Assets to reduce memory usage. Loaded Objects now: 2523.
Total: 2.689200 ms (FindLiveObjects: 0.595500 ms CreateObjectMapping: 0.247900 ms MarkObjects: 1.675100 ms  DeleteObjects: 0.169400 ms)

========================================================================
Received Prepare
Registering precompiled user dll's ...
Registered in 0.001685 seconds.
Begin MonoManager ReloadAssembly
Native extension for LinuxStandalone target not found
Native extension for WindowsStandalone target not found
Native extension for OSXStandalone target not found
Native extension for WebGL target not found
Refreshing native plugins compatible for Editor in 0.52 ms, found 1 plugins.
Preloading 0 native plugins for Editor in 0.00 ms.
Mono: successfully reloaded assembly
- Completed reload, in  0.763 seconds
Platform modules already initialized, skipping
Refreshing native plugins compatible for Editor in 0.31 ms, found 1 plugins.
Preloading 0 native plugins for Editor in 0.00 ms.
Unloading 1952 Unused Serialized files (Serialized files now loaded: 0)
System memory in use before: 91.2 MB.
System memory in use after: 91.1 MB.

Unloading 14 unused Assets to reduce memory usage. Loaded Objects now: 2527.
Total: 4.143100 ms (FindLiveObjects: 0.615900 ms CreateObjectMapping: 0.051300 ms MarkObjects: 3.304400 ms  DeleteObjects: 0.169500 ms)

========================================================================
Received Prepare
Registering precompiled user dll's ...
Registered in 0.001297 seconds.
Begin MonoManager ReloadAssembly
Native extension for LinuxStandalone target not found
Native extension for WindowsStandalone target not found
Native extension for OSXStandalone target not found
Native extension for WebGL target not found
Refreshing native plugins compatible for Editor in 0.87 ms, found 1 plugins.
Preloading 0 native plugins for Editor in 0.00 ms.
Mono: successfully reloaded assembly
- Completed reload, in  0.715 seconds
Platform modules already initialized, skipping
Refreshing native plugins compatible for Editor in 1.27 ms, found 1 plugins.
Preloading 0 native plugins for Editor in 0.00 ms.
Unloading 1952 Unused Serialized files (Serialized files now loaded: 0)
System memory in use before: 91.2 MB.
System memory in use after: 91.1 MB.

Unloading 14 unused Assets to reduce memory usage. Loaded Objects now: 2531.
Total: 2.896200 ms (FindLiveObjects: 0.520100 ms CreateObjectMapping: 0.122600 ms MarkObjects: 2.090200 ms  DeleteObjects: 0.161700 ms)

========================================================================
Received Prepare
Registering precompiled user dll's ...
Registered in 0.001160 seconds.
Begin MonoManager ReloadAssembly
Native extension for LinuxStandalone target not found
Native extension for WindowsStandalone target not found
Native extension for OSXStandalone target not found
Native extension for WebGL target not found
Refreshing native plugins compatible for Editor in 0.30 ms, found 1 plugins.
Preloading 0 native plugins for Editor in 0.00 ms.
Mono: successfully reloaded assembly
- Completed reload, in  0.709 seconds
Platform modules already initialized, skipping
Refreshing native plugins compatible for Editor in 0.31 ms, found 1 plugins.
Preloading 0 native plugins for Editor in 0.00 ms.
Unloading 1952 Unused Serialized files (Serialized files now loaded: 0)
System memory in use before: 91.2 MB.
System memory in use after: 91.1 MB.

Unloading 14 unused Assets to reduce memory usage. Loaded Objects now: 2535.
Total: 1.964200 ms (FindLiveObjects: 0.269600 ms CreateObjectMapping: 0.046300 ms MarkObjects: 1.529200 ms  DeleteObjects: 0.118200 ms)

========================================================================
Received Prepare
Registering precompiled user dll's ...
Registered in 0.001425 seconds.
Begin MonoManager ReloadAssembly
Native extension for LinuxStandalone target not found
Native extension for WindowsStandalone target not found
Native extension for OSXStandalone target not found
Native extension for WebGL target not found
Refreshing native plugins compatible for Editor in 0.33 ms, found 1 plugins.
Preloading 0 native plugins for Editor in 0.00 ms.
Mono: successfully reloaded assembly
- Completed reload, in  0.708 seconds
Platform modules already initialized, skipping
Refreshing native plugins compatible for Editor in 0.30 ms, found 1 plugins.
Preloading 0 native plugins for Editor in 0.00 ms.
Unloading 1952 Unused Serialized files (Serialized files now loaded: 0)
System memory in use before: 91.2 MB.
System memory in use after: 91.1 MB.

Unloading 14 unused Assets to reduce memory usage. Loaded Objects now: 2539.
Total: 1.933200 ms (FindLiveObjects: 0.215400 ms CreateObjectMapping: 0.059500 ms MarkObjects: 1.522700 ms  DeleteObjects: 0.134900 ms)

========================================================================
Received Prepare
Registering precompiled user dll's ...
Registered in 0.001664 seconds.
Begin MonoManager ReloadAssembly
Native extension for LinuxStandalone target not found
Native extension for WindowsStandalone target not found
Native extension for OSXStandalone target not found
Native extension for WebGL target not found
Refreshing native plugins compatible for Editor in 0.30 ms, found 1 plugins.
Preloading 0 native plugins for Editor in 0.00 ms.
Mono: successfully reloaded assembly
- Completed reload, in  0.728 seconds
Platform modules already initialized, skipping
Refreshing native plugins compatible for Editor in 0.32 ms, found 1 plugins.
Preloading 0 native plugins for Editor in 0.00 ms.
Unloading 1952 Unused Serialized files (Serialized files now loaded: 0)
System memory in use before: 91.2 MB.
System memory in use after: 91.2 MB.

Unloading 14 unused Assets to reduce memory usage. Loaded Objects now: 2543.
Total: 2.232500 ms (FindLiveObjects: 0.247200 ms CreateObjectMapping: 0.084400 ms MarkObjects: 1.748000 ms  DeleteObjects: 0.151600 ms)

========================================================================
Received Prepare
Registering precompiled user dll's ...
Registered in 0.001230 seconds.
Begin MonoManager ReloadAssembly
Native extension for LinuxStandalone target not found
Native extension for WindowsStandalone target not found
Native extension for OSXStandalone target not found
Native extension for WebGL target not found
Refreshing native plugins compatible for Editor in 0.32 ms, found 1 plugins.
Preloading 0 native plugins for Editor in 0.00 ms.
Mono: successfully reloaded assembly
- Completed reload, in  0.730 seconds
Platform modules already initialized, skipping
Refreshing native plugins compatible for Editor in 0.30 ms, found 1 plugins.
Preloading 0 native plugins for Editor in 0.00 ms.
Unloading 1952 Unused Serialized files (Serialized files now loaded: 0)
System memory in use before: 91.2 MB.
System memory in use after: 91.2 MB.

Unloading 14 unused Assets to reduce memory usage. Loaded Objects now: 2547.
Total: 4.438600 ms (FindLiveObjects: 0.273600 ms CreateObjectMapping: 0.103500 ms MarkObjects: 3.829500 ms  DeleteObjects: 0.230600 ms)

========================================================================
Received Prepare
Registering precompiled user dll's ...
Registered in 0.001105 seconds.
Begin MonoManager ReloadAssembly
Native extension for LinuxStandalone target not found
Native extension for WindowsStandalone target not found
Native extension for OSXStandalone target not found
Native extension for WebGL target not found
Refreshing native plugins compatible for Editor in 0.30 ms, found 1 plugins.
Preloading 0 native plugins for Editor in 0.00 ms.
Mono: successfully reloaded assembly
- Completed reload, in  0.708 seconds
Platform modules already initialized, skipping
Refreshing native plugins compatible for Editor in 0.32 ms, found 1 plugins.
Preloading 0 native plugins for Editor in 0.00 ms.
Unloading 1952 Unused Serialized files (Serialized files now loaded: 0)
System memory in use before: 91.2 MB.
System memory in use after: 91.2 MB.

Unloading 14 unused Assets to reduce memory usage. Loaded Objects now: 2551.
Total: 2.413300 ms (FindLiveObjects: 0.373600 ms CreateObjectMapping: 0.104000 ms MarkObjects: 1.786800 ms  DeleteObjects: 0.148000 ms)

========================================================================
Received Prepare
Registering precompiled user dll's ...
Registered in 0.001282 seconds.
Begin MonoManager ReloadAssembly
Native extension for LinuxStandalone target not found
Native extension for WindowsStandalone target not found
Native extension for OSXStandalone target not found
Native extension for WebGL target not found
Refreshing native plugins compatible for Editor in 0.30 ms, found 1 plugins.
Preloading 0 native plugins for Editor in 0.00 ms.
Mono: successfully reloaded assembly
- Completed reload, in  0.716 seconds
Platform modules already initialized, skipping
Refreshing native plugins compatible for Editor in 0.30 ms, found 1 plugins.
Preloading 0 native plugins for Editor in 0.00 ms.
Unloading 1952 Unused Serialized files (Serialized files now loaded: 0)
System memory in use before: 91.2 MB.
System memory in use after: 91.2 MB.

Unloading 14 unused Assets to reduce memory usage. Loaded Objects now: 2555.
Total: 1.914000 ms (FindLiveObjects: 0.197400 ms CreateObjectMapping: 0.052600 ms MarkObjects: 1.532400 ms  DeleteObjects: 0.130800 ms)

========================================================================
Received Prepare
Registering precompiled user dll's ...
Registered in 0.000986 seconds.
Begin MonoManager ReloadAssembly
Native extension for LinuxStandalone target not found
Native extension for WindowsStandalone target not found
Native extension for OSXStandalone target not found
Native extension for WebGL target not found
Refreshing native plugins compatible for Editor in 0.49 ms, found 1 plugins.
Preloading 0 native plugins for Editor in 0.00 ms.
Mono: successfully reloaded assembly
- Completed reload, in  0.758 seconds
Platform modules already initialized, skipping
Refreshing native plugins compatible for Editor in 0.34 ms, found 1 plugins.
Preloading 0 native plugins for Editor in 0.00 ms.
Unloading 1952 Unused Serialized files (Serialized files now loaded: 0)
System memory in use before: 91.2 MB.
System memory in use after: 91.2 MB.

Unloading 14 unused Assets to reduce memory usage. Loaded Objects now: 2559.
Total: 3.855200 ms (FindLiveObjects: 0.555600 ms CreateObjectMapping: 0.207600 ms MarkObjects: 2.906500 ms  DeleteObjects: 0.183300 ms)

========================================================================
Received Prepare
Registering precompiled user dll's ...
Registered in 0.001185 seconds.
Begin MonoManager ReloadAssembly
Native extension for LinuxStandalone target not found
Native extension for WindowsStandalone target not found
Native extension for OSXStandalone target not found
Native extension for WebGL target not found
Refreshing native plugins compatible for Editor in 0.49 ms, found 1 plugins.
Preloading 0 native plugins for Editor in 0.00 ms.
Mono: successfully reloaded assembly
- Completed reload, in  0.739 seconds
Platform modules already initialized, skipping
Refreshing native plugins compatible for Editor in 0.38 ms, found 1 plugins.
Preloading 0 native plugins for Editor in 0.00 ms.
Unloading 1952 Unused Serialized files (Serialized files now loaded: 0)
System memory in use before: 91.2 MB.
System memory in use after: 91.2 MB.

Unloading 14 unused Assets to reduce memory usage. Loaded Objects now: 2563.
Total: 2.932700 ms (FindLiveObjects: 0.460100 ms CreateObjectMapping: 0.159100 ms MarkObjects: 2.093100 ms  DeleteObjects: 0.219200 ms)

========================================================================
Received Import Request.
  Time since last request: 2100.180762 seconds.
  path: Assets/Scenes
  artifactKey: Guid(91767eabd59867e45a28c57c326b718b) Importer(815301076,1909f56bfc062723c751e8b465ee728b)
Start importing Assets/Scenes using Guid(91767eabd59867e45a28c57c326b718b) Importer(815301076,1909f56bfc062723c751e8b465ee728b)  -> (artifact id: '18e8c78cab8395e772db5aaedd9deb79') in 0.007300 seconds
  Import took 0.010693 seconds .

========================================================================
Received Import Request.
  Time since last request: 0.000373 seconds.
  path: Assets/Scenes
  artifactKey: Guid(91767eabd59867e45a28c57c326b718b) Importer(815301076,1909f56bfc062723c751e8b465ee728b)
Start importing Assets/Scenes using Guid(91767eabd59867e45a28c57c326b718b) Importer(815301076,1909f56bfc062723c751e8b465ee728b)  -> (artifact id: '18e8c78cab8395e772db5aaedd9deb79') in 0.003219 seconds
  Import took 0.005986 seconds .

========================================================================
Received Import Request.
  Time since last request: 6.458161 seconds.
  path: Assets/Scenes/Level 1.unity
  artifactKey: Guid(e1d8469edb358624f9c614f25fad5485) Importer(815301076,1909f56bfc062723c751e8b465ee728b)
Start importing Assets/Scenes/Level 1.unity using Guid(e1d8469edb358624f9c614f25fad5485) Importer(815301076,1909f56bfc062723c751e8b465ee728b)  -> (artifact id: 'be1dfbf4e508c2a4a40344a88939172f') in 0.010543 seconds
  Import took 0.013655 seconds .

========================================================================
Received Import Request.
  Time since last request: 0.001943 seconds.
  path: Assets/Scenes/Level 1.unity
  artifactKey: Guid(e1d8469edb358624f9c614f25fad5485) Importer(815301076,1909f56bfc062723c751e8b465ee728b)
Start importing Assets/Scenes/Level 1.unity using Guid(e1d8469edb358624f9c614f25fad5485) Importer(815301076,1909f56bfc062723c751e8b465ee728b)  -> (artifact id: 'be1dfbf4e508c2a4a40344a88939172f') in 0.003663 seconds
  Import took 0.007063 seconds .

========================================================================
Received Import Request.
  Time since last request: 127.022571 seconds.
  path: Assets/LittleKnight_SpriteSheet.png
  artifactKey: Guid(9c1f1c2367a86bd4ab6e12b412d05a7c) Importer(815301076,1909f56bfc062723c751e8b465ee728b)
Start importing Assets/LittleKnight_SpriteSheet.png using Guid(9c1f1c2367a86bd4ab6e12b412d05a7c) Importer(815301076,1909f56bfc062723c751e8b465ee728b)  -> (artifact id: '16f7369f1b9114942a4eca05c8d04fd4') in 0.088042 seconds
  Import took 0.091465 seconds .

========================================================================
Received Import Request.
  Time since last request: 116.624989 seconds.
  path: Assets/LittleKnight_SpriteSheet.png
  artifactKey: Guid(9c1f1c2367a86bd4ab6e12b412d05a7c) Importer(815301076,1909f56bfc062723c751e8b465ee728b)
Start importing Assets/LittleKnight_SpriteSheet.png using Guid(9c1f1c2367a86bd4ab6e12b412d05a7c) Importer(815301076,1909f56bfc062723c751e8b465ee728b)  -> (artifact id: 'e5e947397342c27e47b4a6e68b7990aa') in 0.018552 seconds
  Import took 0.023066 seconds .

========================================================================
Received Import Request.
  Time since last request: 211.228463 seconds.
  path: Assets/LittleKnight_SpriteSheet.png
  artifactKey: Guid(9c1f1c2367a86bd4ab6e12b412d05a7c) Importer(815301076,1909f56bfc062723c751e8b465ee728b)
Start importing Assets/LittleKnight_SpriteSheet.png using Guid(9c1f1c2367a86bd4ab6e12b412d05a7c) Importer(815301076,1909f56bfc062723c751e8b465ee728b)  -> (artifact id: '537114a295737a0c868c8350c75ea835') in 0.040482 seconds
  Import took 0.044064 seconds .

========================================================================
Received Import Request.
  Time since last request: 35.034130 seconds.
  path: ProjectSettings/TagManager.asset
  artifactKey: Guid(00000000000000003000000000000000) Importer(815301076,1909f56bfc062723c751e8b465ee728b)
Start importing ProjectSettings/TagManager.asset using Guid(00000000000000003000000000000000) Importer(815301076,1909f56bfc062723c751e8b465ee728b)  -> (artifact id: '5ff736e781c9396eb3a9ebe5d00f0cbb') in 0.008466 seconds
  Import took 0.011342 seconds .

========================================================================
Received Import Request.
  Time since last request: 572.949015 seconds.
  path: Assets/Little_Knight.prefab
  artifactKey: Guid(1e3cee4d19866644d8f92aceda275ff0) Importer(815301076,1909f56bfc062723c751e8b465ee728b)
Start importing Assets/Little_Knight.prefab using Guid(1e3cee4d19866644d8f92aceda275ff0) Importer(815301076,1909f56bfc062723c751e8b465ee728b)  -> (artifact id: '99558ca30a4b748de9531421de0c2b30') in 0.033140 seconds
  Import took 0.037054 seconds .

========================================================================
Received Import Request.
  Time since last request: 183.809606 seconds.
  path: ProjectSettings/TagManager.asset
  artifactKey: Guid(00000000000000003000000000000000) Importer(815301076,1909f56bfc062723c751e8b465ee728b)
Start importing ProjectSettings/TagManager.asset using Guid(00000000000000003000000000000000) Importer(815301076,1909f56bfc062723c751e8b465ee728b)  -> (artifact id: '262632a6a87a2e73c9db2616650f3994') in 0.004445 seconds
  Import took 0.008130 seconds .

========================================================================
Received Import Request.
  Time since last request: 264.593368 seconds.
  path: Assets/Circle.controller
  artifactKey: Guid(88543f83e1c85124182243a7511e379a) Importer(815301076,1909f56bfc062723c751e8b465ee728b)
Start importing Assets/Circle.controller using Guid(88543f83e1c85124182243a7511e379a) Importer(815301076,1909f56bfc062723c751e8b465ee728b)  -> (artifact id: 'e7adf8eea92bffde35be2fe8d0dac018') in 0.008470 seconds
  Import took 0.012847 seconds .

========================================================================
Received Import Request.
  Time since last request: 2.833118 seconds.
  path: Assets/Ball.anim
  artifactKey: Guid(9dd52793f89a5b54ab6ee81f93b42d64) Importer(815301076,1909f56bfc062723c751e8b465ee728b)
Start importing Assets/Ball.anim using Guid(9dd52793f89a5b54ab6ee81f93b42d64) Importer(815301076,1909f56bfc062723c751e8b465ee728b)  -> (artifact id: '5d9d3be0a23d31ab42fe75bac2b5a0bb') in 0.007143 seconds
  Import took 0.010766 seconds .

========================================================================
Received Import Request.
  Time since last request: 0.001123 seconds.
  path: Assets/Ball.anim
  artifactKey: Guid(9dd52793f89a5b54ab6ee81f93b42d64) Importer(815301076,1909f56bfc062723c751e8b465ee728b)
Start importing Assets/Ball.anim using Guid(9dd52793f89a5b54ab6ee81f93b42d64) Importer(815301076,1909f56bfc062723c751e8b465ee728b)  -> (artifact id: '5d9d3be0a23d31ab42fe75bac2b5a0bb') in 0.005600 seconds
  Import took 0.009615 seconds .

========================================================================
Received Prepare
Registering precompiled user dll's ...
Registered in 0.002120 seconds.
Begin MonoManager ReloadAssembly
Native extension for LinuxStandalone target not found
Native extension for WindowsStandalone target not found
Native extension for OSXStandalone target not found
Native extension for WebGL target not found
Refreshing native plugins compatible for Editor in 0.38 ms, found 1 plugins.
Preloading 0 native plugins for Editor in 0.00 ms.
Mono: successfully reloaded assembly
- Completed reload, in  0.713 seconds
Platform modules already initialized, skipping
Refreshing native plugins compatible for Editor in 0.31 ms, found 1 plugins.
Preloading 0 native plugins for Editor in 0.00 ms.
Unloading 1952 Unused Serialized files (Serialized files now loaded: 0)
System memory in use before: 94.4 MB.
System memory in use after: 94.4 MB.

Unloading 16 unused Assets to reduce memory usage. Loaded Objects now: 2594.
Total: 2.152800 ms (FindLiveObjects: 0.251300 ms CreateObjectMapping: 0.069100 ms MarkObjects: 1.721100 ms  DeleteObjects: 0.109800 ms)

AssetImportWorkerClient::OnTransportError - code=2 error=End of file
