Using pre-set license
Built from '2020.3/staging' branch; Version is '2020.3.6f1 (338bb68529b2) revision 3378102'; Using compiler version '192528614'; Build Type 'Release'
OS: 'Windows 10 Home; OS build 19044.1526; Version 2009; 64bit' Language: 'en' Physical Memory: 32443 MB
BatchMode: 1, IsHumanControllingUs: 0, StartBugReporterOnCrash: 0, Is64bit: 1, IsPro: 0

 COMMAND LINE ARGUMENTS:
G:\Unity_Installs\2020.3.6f1\Editor\Unity.exe
-adb2
-batchMode
-noUpm
-name
AssetImportWorker0
-projectPath
C:/Users/ignis/OneDrive/Desktop/January (Game Development)/January-Game-Design-and-Development/Session_Four/Session_Four
-logFile
Logs/AssetImportWorker0.log
-srvPort
55309
Successfully changed project path to: C:/Users/ignis/OneDrive/Desktop/January (Game Development)/January-Game-Design-and-Development/Session_Four/Session_Four
C:/Users/ignis/OneDrive/Desktop/January (Game Development)/January-Game-Design-and-Development/Session_Four/Session_Four
Using Asset Import Pipeline V2.
Refreshing native plugins compatible for Editor in 18.77 ms, found 0 plugins.
Preloading 0 native plugins for Editor in 0.00 ms.
Initialize engine version: 2020.3.6f1 (338bb68529b2)
[Subsystems] Discovering subsystems at path G:/Unity_Installs/2020.3.6f1/Editor/Data/Resources/UnitySubsystems
[Subsystems] Discovering subsystems at path C:/Users/ignis/OneDrive/Desktop/January (Game Development)/January-Game-Design-and-Development/Session_Four/Session_Four/Assets
GfxDevice: creating device client; threaded=0
Direct3D:
    Version:  Direct3D 11.0 [level 11.1]
    Renderer: NVIDIA GeForce RTX 3060 (ID=0x2503)
    Vendor:   
    VRAM:     12142 MB
    Driver:   30.0.15.1165
Initialize mono
Mono path[0] = 'G:/Unity_Installs/2020.3.6f1/Editor/Data/Managed'
Mono path[1] = 'G:/Unity_Installs/2020.3.6f1/Editor/Data/MonoBleedingEdge/lib/mono/unityjit'
Mono config path = 'G:/Unity_Installs/2020.3.6f1/Editor/Data/MonoBleedingEdge/etc'
Using monoOptions --debugger-agent=transport=dt_socket,embedding=1,server=y,suspend=n,address=127.0.0.1:56012
Begin MonoManager ReloadAssembly
Registering precompiled unity dll's ...
Register platform support module: G:/Unity_Installs/2020.3.6f1/Editor/Data/PlaybackEngines/WebGLSupport/UnityEditor.WebGL.Extensions.dll
Register platform support module: G:/Unity_Installs/2020.3.6f1/Editor/Data/PlaybackEngines/MacStandaloneSupport/UnityEditor.OSXStandalone.Extensions.dll
Register platform support module: G:/Unity_Installs/2020.3.6f1/Editor/Data/PlaybackEngines/WindowsStandaloneSupport/UnityEditor.WindowsStandalone.Extensions.dll
Register platform support module: G:/Unity_Installs/2020.3.6f1/Editor/Data/PlaybackEngines/LinuxStandaloneSupport/UnityEditor.LinuxStandalone.Extensions.dll
Registered in 0.002145 seconds.
Native extension for LinuxStandalone target not found
Native extension for WindowsStandalone target not found
Native extension for OSXStandalone target not found
Native extension for WebGL target not found
Refreshing native plugins compatible for Editor in 17.07 ms, found 0 plugins.
Preloading 0 native plugins for Editor in 0.00 ms.
Mono: successfully reloaded assembly
- Completed reload, in  0.742 seconds
Platform modules already initialized, skipping
Registering precompiled user dll's ...
Registered in 0.000637 seconds.
Begin MonoManager ReloadAssembly
Native extension for LinuxStandalone target not found
Native extension for WindowsStandalone target not found
Native extension for OSXStandalone target not found
Native extension for WebGL target not found
Refreshing native plugins compatible for Editor in 0.25 ms, found 0 plugins.
Preloading 0 native plugins for Editor in 0.00 ms.
Mono: successfully reloaded assembly
- Completed reload, in  0.644 seconds
Platform modules already initialized, skipping
========================================================================
Worker process is ready to serve import requests
Launched and connected shader compiler UnityShaderCompiler.exe after 0.04 seconds
Refreshing native plugins compatible for Editor in 0.21 ms, found 0 plugins.
Preloading 0 native plugins for Editor in 0.00 ms.
Unloading 1115 Unused Serialized files (Serialized files now loaded: 0)
System memory in use before: 57.6 MB.
System memory in use after: 57.6 MB.

Unloading 10 unused Assets to reduce memory usage. Loaded Objects now: 1558.
Total: 1.594900 ms (FindLiveObjects: 0.147000 ms CreateObjectMapping: 0.052800 ms MarkObjects: 1.309300 ms  DeleteObjects: 0.072200 ms)

========================================================================
Received Import Request.
  path: Assets
  artifactKey: Guid(00000000000000001000000000000000) Importer(815301076,1909f56bfc062723c751e8b465ee728b)
Start importing Assets using Guid(00000000000000001000000000000000) Importer(815301076,1909f56bfc062723c751e8b465ee728b)  -> (artifact id: '2c602d4445bd9e0e517b9a7c882a2249') in 0.010104 seconds
  Import took 0.011923 seconds .

========================================================================
Received Prepare
Refreshing native plugins compatible for Editor in 0.71 ms, found 0 plugins.
Preloading 0 native plugins for Editor in 0.00 ms.
Unloading 3 Unused Serialized files (Serialized files now loaded: 0)
System memory in use before: 34.9 MB.
System memory in use after: 35.0 MB.

Unloading 3 unused Assets to reduce memory usage. Loaded Objects now: 1558.
Total: 1.536400 ms (FindLiveObjects: 0.184400 ms CreateObjectMapping: 0.033900 ms MarkObjects: 1.249400 ms  DeleteObjects: 0.067800 ms)

========================================================================
Received Import Request.
  Time since last request: 3.594011 seconds.
  path: Assets/Scripts
  artifactKey: Guid(c1844e0e80869364e8aad11740827d9f) Importer(815301076,1909f56bfc062723c751e8b465ee728b)
Start importing Assets/Scripts using Guid(c1844e0e80869364e8aad11740827d9f) Importer(815301076,1909f56bfc062723c751e8b465ee728b)  -> (artifact id: '4c09e7da71852cfd363443e487202977') in 0.003264 seconds
  Import took 0.004856 seconds .

========================================================================
Received Import Request.
  Time since last request: 6.847116 seconds.
  path: Assets/Scripts/GameMaster.cs
  artifactKey: Guid(7c83e52bc0ed15b469e6feaf56caf681) Importer(815301076,1909f56bfc062723c751e8b465ee728b)
Start importing Assets/Scripts/GameMaster.cs using Guid(7c83e52bc0ed15b469e6feaf56caf681) Importer(815301076,1909f56bfc062723c751e8b465ee728b)  -> (artifact id: 'cd4da25e1f5fcb614d643e298825399d') in 0.030795 seconds
  Import took 0.033195 seconds .

========================================================================
Received Prepare
Registering precompiled user dll's ...
Registered in 0.000615 seconds.
Begin MonoManager ReloadAssembly
Native extension for LinuxStandalone target not found
Native extension for WindowsStandalone target not found
Native extension for OSXStandalone target not found
Native extension for WebGL target not found
Refreshing native plugins compatible for Editor in 0.19 ms, found 0 plugins.
Preloading 0 native plugins for Editor in 0.00 ms.
Mono: successfully reloaded assembly
- Completed reload, in  0.659 seconds
Platform modules already initialized, skipping
Refreshing native plugins compatible for Editor in 0.22 ms, found 0 plugins.
Preloading 0 native plugins for Editor in 0.00 ms.
Unloading 1111 Unused Serialized files (Serialized files now loaded: 0)
System memory in use before: 57.5 MB.
System memory in use after: 57.6 MB.

Unloading 5 unused Assets to reduce memory usage. Loaded Objects now: 1562.
Total: 4.931100 ms (FindLiveObjects: 0.672000 ms CreateObjectMapping: 1.579400 ms MarkObjects: 2.432800 ms  DeleteObjects: 0.181400 ms)

========================================================================
Received Prepare
Registering precompiled user dll's ...
Registered in 0.000942 seconds.
Begin MonoManager ReloadAssembly
Native extension for LinuxStandalone target not found
Native extension for WindowsStandalone target not found
Native extension for OSXStandalone target not found
Native extension for WebGL target not found
Refreshing native plugins compatible for Editor in 0.17 ms, found 0 plugins.
Preloading 0 native plugins for Editor in 0.00 ms.
Mono: successfully reloaded assembly
- Completed reload, in  0.582 seconds
Platform modules already initialized, skipping
Refreshing native plugins compatible for Editor in 0.17 ms, found 0 plugins.
Preloading 0 native plugins for Editor in 0.00 ms.
Unloading 1111 Unused Serialized files (Serialized files now loaded: 0)
System memory in use before: 57.6 MB.
System memory in use after: 57.6 MB.

Unloading 5 unused Assets to reduce memory usage. Loaded Objects now: 1565.
Total: 1.394900 ms (FindLiveObjects: 0.118100 ms CreateObjectMapping: 0.032600 ms MarkObjects: 1.179100 ms  DeleteObjects: 0.063700 ms)

========================================================================
Received Import Request.
  Time since last request: 1008.417197 seconds.
  path: Assets/Scripts/GameMaster.cs
  artifactKey: Guid(7c83e52bc0ed15b469e6feaf56caf681) Importer(815301076,1909f56bfc062723c751e8b465ee728b)
Start importing Assets/Scripts/GameMaster.cs using Guid(7c83e52bc0ed15b469e6feaf56caf681) Importer(815301076,1909f56bfc062723c751e8b465ee728b)  -> (artifact id: '48f7c233df0acb74053e67c4857db26d') in 0.005364 seconds
  Import took 0.006868 seconds .

========================================================================
Received Prepare
Registering precompiled user dll's ...
Registered in 0.000834 seconds.
Begin MonoManager ReloadAssembly
Native extension for LinuxStandalone target not found
Native extension for WindowsStandalone target not found
Native extension for OSXStandalone target not found
Native extension for WebGL target not found
Refreshing native plugins compatible for Editor in 0.19 ms, found 0 plugins.
Preloading 0 native plugins for Editor in 0.00 ms.
Mono: successfully reloaded assembly
- Completed reload, in  0.612 seconds
Platform modules already initialized, skipping
Refreshing native plugins compatible for Editor in 0.17 ms, found 0 plugins.
Preloading 0 native plugins for Editor in 0.00 ms.
Unloading 1111 Unused Serialized files (Serialized files now loaded: 0)
System memory in use before: 57.6 MB.
System memory in use after: 57.6 MB.

Unloading 5 unused Assets to reduce memory usage. Loaded Objects now: 1568.
Total: 1.502900 ms (FindLiveObjects: 0.116000 ms CreateObjectMapping: 0.026600 ms MarkObjects: 1.272000 ms  DeleteObjects: 0.087400 ms)

========================================================================
Received Prepare
Registering precompiled user dll's ...
Registered in 0.002449 seconds.
Begin MonoManager ReloadAssembly
Native extension for LinuxStandalone target not found
Native extension for WindowsStandalone target not found
Native extension for OSXStandalone target not found
Native extension for WebGL target not found
Refreshing native plugins compatible for Editor in 0.95 ms, found 1 plugins.
Preloading 0 native plugins for Editor in 0.00 ms.
Mono: successfully reloaded assembly
- Completed reload, in  0.768 seconds
Platform modules already initialized, skipping
Refreshing native plugins compatible for Editor in 0.27 ms, found 1 plugins.
Preloading 0 native plugins for Editor in 0.00 ms.
Unloading 1606 Unused Serialized files (Serialized files now loaded: 0)
System memory in use before: 79.6 MB.
System memory in use after: 79.6 MB.

Unloading 12 unused Assets to reduce memory usage. Loaded Objects now: 2061.
Total: 1.876900 ms (FindLiveObjects: 0.209900 ms CreateObjectMapping: 0.043100 ms MarkObjects: 1.490400 ms  DeleteObjects: 0.132300 ms)

========================================================================
Received Import Request.
  Time since last request: 314.852574 seconds.
  path: Assets/Scenes
  artifactKey: Guid(933f23e971f5b3f4890eaecf80e609d7) Importer(815301076,1909f56bfc062723c751e8b465ee728b)
Start importing Assets/Scenes using Guid(933f23e971f5b3f4890eaecf80e609d7) Importer(815301076,1909f56bfc062723c751e8b465ee728b)  -> (artifact id: '8f87728aac43ec8303696a33cb0af052') in 0.008481 seconds
  Import took 0.012008 seconds .

========================================================================
Received Import Request.
  Time since last request: 0.328406 seconds.
  path: Assets/Scenes/SampleScene.unity
  artifactKey: Guid(9fc0d4010bbf28b4594072e72b8655ab) Importer(815301076,1909f56bfc062723c751e8b465ee728b)
Start importing Assets/Scenes/SampleScene.unity using Guid(9fc0d4010bbf28b4594072e72b8655ab) Importer(815301076,1909f56bfc062723c751e8b465ee728b)  -> (artifact id: '0db0d2bc0b53548080a4e7ba6b9e4daa') in 0.010364 seconds
  Import took 0.012745 seconds .

========================================================================
Received Prepare
Registering precompiled user dll's ...
Registered in 0.001003 seconds.
Begin MonoManager ReloadAssembly
Native extension for LinuxStandalone target not found
Native extension for WindowsStandalone target not found
Native extension for OSXStandalone target not found
Native extension for WebGL target not found
Refreshing native plugins compatible for Editor in 0.30 ms, found 1 plugins.
Preloading 0 native plugins for Editor in 0.00 ms.
Mono: successfully reloaded assembly
- Completed reload, in  0.657 seconds
Platform modules already initialized, skipping
Refreshing native plugins compatible for Editor in 0.38 ms, found 1 plugins.
Preloading 0 native plugins for Editor in 0.00 ms.
Unloading 1606 Unused Serialized files (Serialized files now loaded: 0)
System memory in use before: 79.6 MB.
System memory in use after: 79.6 MB.

Unloading 12 unused Assets to reduce memory usage. Loaded Objects now: 2064.
Total: 3.037700 ms (FindLiveObjects: 0.296200 ms CreateObjectMapping: 0.056200 ms MarkObjects: 2.531200 ms  DeleteObjects: 0.151500 ms)

========================================================================
Received Import Request.
  Time since last request: 4.182792 seconds.
  path: Assets/Scenes/SampleScene 1.unity
  artifactKey: Guid(6ed64748eacf4964c863c2d408bc080a) Importer(815301076,1909f56bfc062723c751e8b465ee728b)
Start importing Assets/Scenes/SampleScene 1.unity using Guid(6ed64748eacf4964c863c2d408bc080a) Importer(815301076,1909f56bfc062723c751e8b465ee728b)  -> (artifact id: '6d1deeeb86102e7a24ca082bb11b4ac9') in 0.011402 seconds
  Import took 0.013873 seconds .

========================================================================
Received Import Request.
  Time since last request: 8.536630 seconds.
  path: Assets/Scenes/Level2.unity
  artifactKey: Guid(6ed64748eacf4964c863c2d408bc080a) Importer(815301076,1909f56bfc062723c751e8b465ee728b)
Start importing Assets/Scenes/Level2.unity using Guid(6ed64748eacf4964c863c2d408bc080a) Importer(815301076,1909f56bfc062723c751e8b465ee728b)  -> (artifact id: 'dd8136783e708a127f2e96b6620a097d') in 0.004911 seconds
  Import took 0.007544 seconds .

========================================================================
Received Import Request.
  Time since last request: 4.513885 seconds.
  path: Assets/Scenes/Level1.unity
  artifactKey: Guid(9fc0d4010bbf28b4594072e72b8655ab) Importer(815301076,1909f56bfc062723c751e8b465ee728b)
Start importing Assets/Scenes/Level1.unity using Guid(9fc0d4010bbf28b4594072e72b8655ab) Importer(815301076,1909f56bfc062723c751e8b465ee728b)  -> (artifact id: '23db8a2e40bc2abf37bcc9249e44b757') in 0.004219 seconds
  Import took 0.006873 seconds .

========================================================================
Received Import Request.
  Time since last request: 254.871843 seconds.
  path: Assets/Scenes/Level2.unity
  artifactKey: Guid(6ed64748eacf4964c863c2d408bc080a) Importer(815301076,1909f56bfc062723c751e8b465ee728b)
Start importing Assets/Scenes/Level2.unity using Guid(6ed64748eacf4964c863c2d408bc080a) Importer(815301076,1909f56bfc062723c751e8b465ee728b)  -> (artifact id: 'dc9cecac168afe48aaa339189c93313b') in 0.004877 seconds
  Import took 0.009050 seconds .

========================================================================
Received Import Request.
  Time since last request: 109.723220 seconds.
  path: Assets/Scenes/Level2 1.unity
  artifactKey: Guid(4a3b316837e870e46901ec1b2352448b) Importer(815301076,1909f56bfc062723c751e8b465ee728b)
Start importing Assets/Scenes/Level2 1.unity using Guid(4a3b316837e870e46901ec1b2352448b) Importer(815301076,1909f56bfc062723c751e8b465ee728b)  -> (artifact id: 'a68e151a3e2bb7386b1c734bfdf8612c') in 0.004297 seconds
  Import took 0.007152 seconds .

========================================================================
Received Import Request.
  Time since last request: 0.015554 seconds.
  path: Assets/Scenes/Level2 1.unity
  artifactKey: Guid(4a3b316837e870e46901ec1b2352448b) Importer(815301076,1909f56bfc062723c751e8b465ee728b)
Start importing Assets/Scenes/Level2 1.unity using Guid(4a3b316837e870e46901ec1b2352448b) Importer(815301076,1909f56bfc062723c751e8b465ee728b)  -> (artifact id: 'a68e151a3e2bb7386b1c734bfdf8612c') in 0.004585 seconds
  Import took 0.008028 seconds .

========================================================================
Received Import Request.
  Time since last request: 322.055908 seconds.
  path: Assets/Scenes/Level1.unity
  artifactKey: Guid(9fc0d4010bbf28b4594072e72b8655ab) Importer(815301076,1909f56bfc062723c751e8b465ee728b)
Start importing Assets/Scenes/Level1.unity using Guid(9fc0d4010bbf28b4594072e72b8655ab) Importer(815301076,1909f56bfc062723c751e8b465ee728b)  -> (artifact id: '89c5a9503c5854a2cf4e067bb382fcb4') in 0.004904 seconds
  Import took 0.008177 seconds .

========================================================================
Received Prepare
Registering precompiled user dll's ...
Registered in 0.001098 seconds.
Begin MonoManager ReloadAssembly
Native extension for LinuxStandalone target not found
Native extension for WindowsStandalone target not found
Native extension for OSXStandalone target not found
Native extension for WebGL target not found
Refreshing native plugins compatible for Editor in 0.27 ms, found 1 plugins.
Preloading 0 native plugins for Editor in 0.00 ms.
Mono: successfully reloaded assembly
- Completed reload, in  0.643 seconds
Platform modules already initialized, skipping
Refreshing native plugins compatible for Editor in 0.27 ms, found 1 plugins.
Preloading 0 native plugins for Editor in 0.00 ms.
Unloading 1606 Unused Serialized files (Serialized files now loaded: 0)
System memory in use before: 79.7 MB.
System memory in use after: 79.7 MB.

Unloading 12 unused Assets to reduce memory usage. Loaded Objects now: 2067.
Total: 1.743700 ms (FindLiveObjects: 0.151700 ms CreateObjectMapping: 0.034600 ms MarkObjects: 1.420400 ms  DeleteObjects: 0.136100 ms)

========================================================================
Received Prepare
Registering precompiled user dll's ...
Registered in 0.002260 seconds.
Begin MonoManager ReloadAssembly
Native extension for LinuxStandalone target not found
Native extension for WindowsStandalone target not found
Native extension for OSXStandalone target not found
Native extension for WebGL target not found
Refreshing native plugins compatible for Editor in 0.27 ms, found 1 plugins.
Preloading 0 native plugins for Editor in 0.00 ms.
Mono: successfully reloaded assembly
- Completed reload, in  0.709 seconds
Platform modules already initialized, skipping
Refreshing native plugins compatible for Editor in 0.28 ms, found 1 plugins.
Preloading 0 native plugins for Editor in 0.00 ms.
Unloading 1606 Unused Serialized files (Serialized files now loaded: 0)
System memory in use before: 79.7 MB.
System memory in use after: 79.7 MB.

Unloading 12 unused Assets to reduce memory usage. Loaded Objects now: 2070.
Total: 1.589100 ms (FindLiveObjects: 0.152400 ms CreateObjectMapping: 0.037300 ms MarkObjects: 1.273900 ms  DeleteObjects: 0.124300 ms)

========================================================================
Received Prepare
Registering precompiled user dll's ...
Registered in 0.002388 seconds.
Begin MonoManager ReloadAssembly
Native extension for LinuxStandalone target not found
Native extension for WindowsStandalone target not found
Native extension for OSXStandalone target not found
Native extension for WebGL target not found
Refreshing native plugins compatible for Editor in 0.27 ms, found 1 plugins.
Preloading 0 native plugins for Editor in 0.00 ms.
Mono: successfully reloaded assembly
- Completed reload, in  0.761 seconds
Platform modules already initialized, skipping
Refreshing native plugins compatible for Editor in 0.27 ms, found 1 plugins.
Preloading 0 native plugins for Editor in 0.00 ms.
Unloading 1607 Unused Serialized files (Serialized files now loaded: 0)
System memory in use before: 79.7 MB.
System memory in use after: 79.7 MB.

Unloading 12 unused Assets to reduce memory usage. Loaded Objects now: 2074.
Total: 1.793500 ms (FindLiveObjects: 0.192900 ms CreateObjectMapping: 0.051700 ms MarkObjects: 1.381600 ms  DeleteObjects: 0.166400 ms)

========================================================================
Received Import Request.
  Time since last request: 1846.145623 seconds.
  path: Assets/Scripts/Testing.cs
  artifactKey: Guid(da175cccef022d74689d50e96d839a90) Importer(815301076,1909f56bfc062723c751e8b465ee728b)
Start importing Assets/Scripts/Testing.cs using Guid(da175cccef022d74689d50e96d839a90) Importer(815301076,1909f56bfc062723c751e8b465ee728b)  -> (artifact id: '25033d216f517d14a5fd077cfbecd5c0') in 0.006106 seconds
  Import took 0.008369 seconds .

========================================================================
Received Prepare
Registering precompiled user dll's ...
Registered in 0.001288 seconds.
Begin MonoManager ReloadAssembly
Native extension for LinuxStandalone target not found
Native extension for WindowsStandalone target not found
Native extension for OSXStandalone target not found
Native extension for WebGL target not found
Refreshing native plugins compatible for Editor in 0.26 ms, found 1 plugins.
Preloading 0 native plugins for Editor in 0.00 ms.
Mono: successfully reloaded assembly
- Completed reload, in  0.671 seconds
Platform modules already initialized, skipping
Refreshing native plugins compatible for Editor in 0.27 ms, found 1 plugins.
Preloading 0 native plugins for Editor in 0.00 ms.
Unloading 1607 Unused Serialized files (Serialized files now loaded: 0)
System memory in use before: 79.7 MB.
System memory in use after: 79.7 MB.

Unloading 12 unused Assets to reduce memory usage. Loaded Objects now: 2077.
Total: 1.949000 ms (FindLiveObjects: 0.205400 ms CreateObjectMapping: 0.047800 ms MarkObjects: 1.551100 ms  DeleteObjects: 0.143800 ms)

========================================================================
Received Prepare
Registering precompiled user dll's ...
Registered in 0.001386 seconds.
Begin MonoManager ReloadAssembly
Native extension for LinuxStandalone target not found
Native extension for WindowsStandalone target not found
Native extension for OSXStandalone target not found
Native extension for WebGL target not found
Refreshing native plugins compatible for Editor in 0.28 ms, found 1 plugins.
Preloading 0 native plugins for Editor in 0.00 ms.
Mono: successfully reloaded assembly
- Completed reload, in  0.701 seconds
Platform modules already initialized, skipping
Refreshing native plugins compatible for Editor in 0.59 ms, found 1 plugins.
Preloading 0 native plugins for Editor in 0.00 ms.
Unloading 1607 Unused Serialized files (Serialized files now loaded: 0)
System memory in use before: 79.8 MB.
System memory in use after: 79.7 MB.

Unloading 12 unused Assets to reduce memory usage. Loaded Objects now: 2080.
Total: 2.580000 ms (FindLiveObjects: 0.308200 ms CreateObjectMapping: 0.086800 ms MarkObjects: 2.046600 ms  DeleteObjects: 0.135700 ms)

========================================================================
Received Import Request.
  Time since last request: 369.218889 seconds.
  path: Assets/Scripts/Testing.cs
  artifactKey: Guid(da175cccef022d74689d50e96d839a90) Importer(815301076,1909f56bfc062723c751e8b465ee728b)
Start importing Assets/Scripts/Testing.cs using Guid(da175cccef022d74689d50e96d839a90) Importer(815301076,1909f56bfc062723c751e8b465ee728b)  -> (artifact id: 'e96afb01c0d441965772c8b9aaec4b35') in 0.007340 seconds
  Import took 0.010600 seconds .

========================================================================
Received Import Request.
  Time since last request: 0.887087 seconds.
  path: Assets/Scripts/Testing.cs
  artifactKey: Guid(da175cccef022d74689d50e96d839a90) Importer(815301076,1909f56bfc062723c751e8b465ee728b)
Start importing Assets/Scripts/Testing.cs using Guid(da175cccef022d74689d50e96d839a90) Importer(815301076,1909f56bfc062723c751e8b465ee728b)  -> (artifact id: 'e96afb01c0d441965772c8b9aaec4b35') in 0.004320 seconds
  Import took 0.007307 seconds .

========================================================================
Received Prepare
Registering precompiled user dll's ...
Registered in 0.001198 seconds.
Begin MonoManager ReloadAssembly
Native extension for LinuxStandalone target not found
Native extension for WindowsStandalone target not found
Native extension for OSXStandalone target not found
Native extension for WebGL target not found
Refreshing native plugins compatible for Editor in 0.29 ms, found 1 plugins.
Preloading 0 native plugins for Editor in 0.00 ms.
Mono: successfully reloaded assembly
- Completed reload, in  0.741 seconds
Platform modules already initialized, skipping
Refreshing native plugins compatible for Editor in 0.42 ms, found 1 plugins.
Preloading 0 native plugins for Editor in 0.00 ms.
Unloading 1607 Unused Serialized files (Serialized files now loaded: 0)
System memory in use before: 79.8 MB.
System memory in use after: 79.7 MB.

Unloading 12 unused Assets to reduce memory usage. Loaded Objects now: 2083.
Total: 1.924200 ms (FindLiveObjects: 0.241700 ms CreateObjectMapping: 0.060100 ms MarkObjects: 1.512100 ms  DeleteObjects: 0.108800 ms)

========================================================================
Received Import Request.
  Time since last request: 624.480450 seconds.
  path: Assets/Scripts/Testing.cs
  artifactKey: Guid(da175cccef022d74689d50e96d839a90) Importer(815301076,1909f56bfc062723c751e8b465ee728b)
Start importing Assets/Scripts/Testing.cs using Guid(da175cccef022d74689d50e96d839a90) Importer(815301076,1909f56bfc062723c751e8b465ee728b)  -> (artifact id: '8f8df60fec079ebcacb2cc42bdf64a94') in 0.005333 seconds
  Import took 0.007612 seconds .

========================================================================
Received Prepare
Registering precompiled user dll's ...
Registered in 0.001179 seconds.
Begin MonoManager ReloadAssembly
Native extension for LinuxStandalone target not found
Native extension for WindowsStandalone target not found
Native extension for OSXStandalone target not found
Native extension for WebGL target not found
Refreshing native plugins compatible for Editor in 0.32 ms, found 1 plugins.
Preloading 0 native plugins for Editor in 0.00 ms.
Mono: successfully reloaded assembly
- Completed reload, in  0.686 seconds
Platform modules already initialized, skipping
Refreshing native plugins compatible for Editor in 0.29 ms, found 1 plugins.
Preloading 0 native plugins for Editor in 0.00 ms.
Unloading 1607 Unused Serialized files (Serialized files now loaded: 0)
System memory in use before: 79.8 MB.
System memory in use after: 79.7 MB.

Unloading 12 unused Assets to reduce memory usage. Loaded Objects now: 2086.
Total: 1.872600 ms (FindLiveObjects: 0.154400 ms CreateObjectMapping: 0.035600 ms MarkObjects: 1.554900 ms  DeleteObjects: 0.126700 ms)

========================================================================
Received Import Request.
  Time since last request: 59.454000 seconds.
  path: Assets/Scripts/Testing.cs
  artifactKey: Guid(da175cccef022d74689d50e96d839a90) Importer(815301076,1909f56bfc062723c751e8b465ee728b)
Start importing Assets/Scripts/Testing.cs using Guid(da175cccef022d74689d50e96d839a90) Importer(815301076,1909f56bfc062723c751e8b465ee728b)  -> (artifact id: 'ac9f371868b04740f332b6f4b3235b7c') in 0.006594 seconds
  Import took 0.009299 seconds .

========================================================================
Received Import Request.
  Time since last request: 1.224476 seconds.
  path: Assets/Scripts/Testing.cs
  artifactKey: Guid(da175cccef022d74689d50e96d839a90) Importer(815301076,1909f56bfc062723c751e8b465ee728b)
Start importing Assets/Scripts/Testing.cs using Guid(da175cccef022d74689d50e96d839a90) Importer(815301076,1909f56bfc062723c751e8b465ee728b)  -> (artifact id: 'ac9f371868b04740f332b6f4b3235b7c') in 0.003441 seconds
  Import took 0.005788 seconds .

========================================================================
Received Prepare
Registering precompiled user dll's ...
Registered in 0.002008 seconds.
Begin MonoManager ReloadAssembly
Native extension for LinuxStandalone target not found
Native extension for WindowsStandalone target not found
Native extension for OSXStandalone target not found
Native extension for WebGL target not found
Refreshing native plugins compatible for Editor in 0.34 ms, found 1 plugins.
Preloading 0 native plugins for Editor in 0.00 ms.
Mono: successfully reloaded assembly
- Completed reload, in  0.691 seconds
Platform modules already initialized, skipping
Refreshing native plugins compatible for Editor in 0.48 ms, found 1 plugins.
Preloading 0 native plugins for Editor in 0.00 ms.
Unloading 1607 Unused Serialized files (Serialized files now loaded: 0)
System memory in use before: 79.8 MB.
System memory in use after: 79.7 MB.

Unloading 12 unused Assets to reduce memory usage. Loaded Objects now: 2089.
Total: 1.840000 ms (FindLiveObjects: 0.312800 ms CreateObjectMapping: 0.093100 ms MarkObjects: 1.322600 ms  DeleteObjects: 0.108800 ms)

========================================================================
Received Import Request.
  Time since last request: 362.822785 seconds.
  path: Assets/Scripts/Testing.cs
  artifactKey: Guid(da175cccef022d74689d50e96d839a90) Importer(815301076,1909f56bfc062723c751e8b465ee728b)
Start importing Assets/Scripts/Testing.cs using Guid(da175cccef022d74689d50e96d839a90) Importer(815301076,1909f56bfc062723c751e8b465ee728b)  -> (artifact id: '10058c16286f1fcd7cdebadf5110cf88') in 0.005173 seconds
  Import took 0.007763 seconds .

========================================================================
Received Import Request.
  Time since last request: 0.688174 seconds.
  path: Assets/Scripts/Testing.cs
  artifactKey: Guid(da175cccef022d74689d50e96d839a90) Importer(815301076,1909f56bfc062723c751e8b465ee728b)
Start importing Assets/Scripts/Testing.cs using Guid(da175cccef022d74689d50e96d839a90) Importer(815301076,1909f56bfc062723c751e8b465ee728b)  -> (artifact id: '10058c16286f1fcd7cdebadf5110cf88') in 0.003459 seconds
  Import took 0.005774 seconds .

========================================================================
Received Prepare
Registering precompiled user dll's ...
Registered in 0.001267 seconds.
Begin MonoManager ReloadAssembly
Native extension for LinuxStandalone target not found
Native extension for WindowsStandalone target not found
Native extension for OSXStandalone target not found
Native extension for WebGL target not found
Refreshing native plugins compatible for Editor in 0.27 ms, found 1 plugins.
Preloading 0 native plugins for Editor in 0.00 ms.
Mono: successfully reloaded assembly
- Completed reload, in  0.654 seconds
Platform modules already initialized, skipping
Refreshing native plugins compatible for Editor in 0.31 ms, found 1 plugins.
Preloading 0 native plugins for Editor in 0.00 ms.
Unloading 1607 Unused Serialized files (Serialized files now loaded: 0)
System memory in use before: 79.8 MB.
System memory in use after: 79.7 MB.

Unloading 12 unused Assets to reduce memory usage. Loaded Objects now: 2092.
Total: 1.840800 ms (FindLiveObjects: 0.278300 ms CreateObjectMapping: 0.036500 ms MarkObjects: 1.426900 ms  DeleteObjects: 0.097700 ms)

========================================================================
Received Prepare
Registering precompiled user dll's ...
Registered in 0.001349 seconds.
Begin MonoManager ReloadAssembly
Native extension for LinuxStandalone target not found
Native extension for WindowsStandalone target not found
Native extension for OSXStandalone target not found
Native extension for WebGL target not found
Refreshing native plugins compatible for Editor in 0.33 ms, found 1 plugins.
Preloading 0 native plugins for Editor in 0.00 ms.
Mono: successfully reloaded assembly
- Completed reload, in  0.724 seconds
Platform modules already initialized, skipping
Refreshing native plugins compatible for Editor in 0.37 ms, found 1 plugins.
Preloading 0 native plugins for Editor in 0.00 ms.
Unloading 1607 Unused Serialized files (Serialized files now loaded: 0)
System memory in use before: 79.8 MB.
System memory in use after: 79.8 MB.

Unloading 12 unused Assets to reduce memory usage. Loaded Objects now: 2095.
Total: 1.893600 ms (FindLiveObjects: 0.243800 ms CreateObjectMapping: 0.043500 ms MarkObjects: 1.454900 ms  DeleteObjects: 0.150000 ms)

========================================================================
Received Prepare
Registering precompiled user dll's ...
Registered in 0.002361 seconds.
Begin MonoManager ReloadAssembly
Native extension for LinuxStandalone target not found
Native extension for WindowsStandalone target not found
Native extension for OSXStandalone target not found
Native extension for WebGL target not found
Refreshing native plugins compatible for Editor in 0.29 ms, found 1 plugins.
Preloading 0 native plugins for Editor in 0.00 ms.
Mono: successfully reloaded assembly
- Completed reload, in  0.832 seconds
Platform modules already initialized, skipping
Refreshing native plugins compatible for Editor in 0.36 ms, found 1 plugins.
Preloading 0 native plugins for Editor in 0.00 ms.
Unloading 1607 Unused Serialized files (Serialized files now loaded: 0)
System memory in use before: 79.8 MB.
System memory in use after: 79.8 MB.

Unloading 12 unused Assets to reduce memory usage. Loaded Objects now: 2098.
Total: 2.421500 ms (FindLiveObjects: 0.172900 ms CreateObjectMapping: 0.046300 ms MarkObjects: 2.059900 ms  DeleteObjects: 0.140500 ms)

========================================================================
Received Prepare
Registering precompiled user dll's ...
Registered in 0.000980 seconds.
Begin MonoManager ReloadAssembly
Native extension for LinuxStandalone target not found
Native extension for WindowsStandalone target not found
Native extension for OSXStandalone target not found
Native extension for WebGL target not found
Refreshing native plugins compatible for Editor in 0.29 ms, found 1 plugins.
Preloading 0 native plugins for Editor in 0.00 ms.
Mono: successfully reloaded assembly
- Completed reload, in  0.640 seconds
Platform modules already initialized, skipping
Refreshing native plugins compatible for Editor in 0.38 ms, found 1 plugins.
Preloading 0 native plugins for Editor in 0.00 ms.
Unloading 1607 Unused Serialized files (Serialized files now loaded: 0)
System memory in use before: 79.8 MB.
System memory in use after: 79.8 MB.

Unloading 12 unused Assets to reduce memory usage. Loaded Objects now: 2101.
Total: 1.663300 ms (FindLiveObjects: 0.216200 ms CreateObjectMapping: 0.050300 ms MarkObjects: 1.296200 ms  DeleteObjects: 0.099200 ms)

AssetImportWorkerClient::OnTransportError - code=2 error=End of file
